{"numFailedTestSuites":1,"numFailedTests":10,"numPassedTestSuites":1,"numPassedTests":1,"numPendingTestSuites":0,"numPendingTests":0,"numRuntimeErrorTestSuites":0,"numTodoTests":0,"numTotalTestSuites":2,"numTotalTests":11,"openHandles":[],"snapshot":{"added":0,"didUpdate":false,"failure":false,"filesAdded":0,"filesRemoved":0,"filesRemovedList":[],"filesUnmatched":0,"filesUpdated":0,"matched":0,"total":0,"unchecked":0,"uncheckedKeysByFile":[],"unmatched":0,"updated":0},"startTime":1780270073852,"success":false,"testResults":[{"assertionResults":[{"ancestorTitles":["","POST /store/orders - Flujo Completo de Orden"],"duration":4985,"failureDetails":[{"matcherResult":{"actual":400,"expected":201,"message":"\u001b[2mexpect(\u001b[22m\u001b[31mreceived\u001b[39m\u001b[2m).\u001b[22mtoBe\u001b[2m(\u001b[22m\u001b[32mexpected\u001b[39m\u001b[2m) // Object.is equality\u001b[22m\n\nExpected: \u001b[32m201\u001b[39m\nReceived: \u001b[31m400\u001b[39m","name":"toBe","pass":false}}],"failureMessages":["Error: \u001b[2mexpect(\u001b[22m\u001b[31mreceived\u001b[39m\u001b[2m).\u001b[22mtoBe\u001b[2m(\u001b[22m\u001b[32mexpected\u001b[39m\u001b[2m) // Object.is equality\u001b[22m\n\nExpected: \u001b[32m201\u001b[39m\nReceived: \u001b[31m400\u001b[39m\n    at Object.toBe (C:\\Users\\onlyg\\Desktop\\tiendademo\\medusa-app\\tiendademo-medusa\\integration-tests\\http\\tienda-orders.spec.ts:50:33)\n    at processTicksAndRejections (node:internal/process/task_queues:105:5)"],"fullName":" POST /store/orders - Flujo Completo de Orden CP-E2E: Orden completa - inventario OK, descuento promo, envío express","invocations":1,"location":null,"numPassingAsserts":0,"retryReasons":[],"status":"failed","title":"CP-E2E: Orden completa - inventario OK, descuento promo, envío express"},{"ancestorTitles":["","POST /store/orders - Flujo Completo de Orden"],"duration":10929,"failureDetails":[{"matcherResult":{"expected":"INVENTORY_VALIDATION_FAILED","message":"\u001b[2mexpect(\u001b[22m\u001b[31mreceived\u001b[39m\u001b[2m).\u001b[22mtoBe\u001b[2m(\u001b[22m\u001b[32mexpected\u001b[39m\u001b[2m) // Object.is equality\u001b[22m\n\nExpected: \u001b[32m\"INVENTORY_VALIDATION_FAILED\"\u001b[39m\nReceived: \u001b[31mundefined\u001b[39m","name":"toBe","pass":false}}],"failureMessages":["Error: \u001b[2mexpect(\u001b[22m\u001b[31mreceived\u001b[39m\u001b[2m).\u001b[22mtoBe\u001b[2m(\u001b[22m\u001b[32mexpected\u001b[39m\u001b[2m) // Object.is equality\u001b[22m\n\nExpected: \u001b[32m\"INVENTORY_VALIDATION_FAILED\"\u001b[39m\nReceived: \u001b[31mundefined\u001b[39m\n    at Object.toBe (C:\\Users\\onlyg\\Desktop\\tiendademo\\medusa-app\\tiendademo-medusa\\integration-tests\\http\\tienda-orders.spec.ts:71:37)\n    at processTicksAndRejections (node:internal/process/task_queues:105:5)"],"fullName":" POST /store/orders - Flujo Completo de Orden Orden rechazada cuando inventario es insuficiente","invocations":1,"location":null,"numPassingAsserts":1,"retryReasons":[],"status":"failed","title":"Orden rechazada cuando inventario es insuficiente"},{"ancestorTitles":["","POST /store/orders - Flujo Completo de Orden"],"duration":11592,"failureDetails":[{"matcherResult":{"expected":"SHIPPING_NOT_AVAILABLE","message":"\u001b[2mexpect(\u001b[22m\u001b[31mreceived\u001b[39m\u001b[2m).\u001b[22mtoBe\u001b[2m(\u001b[22m\u001b[32mexpected\u001b[39m\u001b[2m) // Object.is equality\u001b[22m\n\nExpected: \u001b[32m\"SHIPPING_NOT_AVAILABLE\"\u001b[39m\nReceived: \u001b[31mundefined\u001b[39m","name":"toBe","pass":false}}],"failureMessages":["Error: \u001b[2mexpect(\u001b[22m\u001b[31mreceived\u001b[39m\u001b[2m).\u001b[22mtoBe\u001b[2m(\u001b[22m\u001b[32mexpected\u001b[39m\u001b[2m) // Object.is equality\u001b[22m\n\nExpected: \u001b[32m\"SHIPPING_NOT_AVAILABLE\"\u001b[39m\nReceived: \u001b[31mundefined\u001b[39m\n    at Object.toBe (C:\\Users\\onlyg\\Desktop\\tiendademo\\medusa-app\\tiendademo-medusa\\integration-tests\\http\\tienda-orders.spec.ts:84:37)\n    at processTicksAndRejections (node:internal/process/task_queues:105:5)"],"fullName":" POST /store/orders - Flujo Completo de Orden Orden rechazada cuando la zona de envío excede 10 km","invocations":1,"location":null,"numPassingAsserts":1,"retryReasons":[],"status":"failed","title":"Orden rechazada cuando la zona de envío excede 10 km"},{"ancestorTitles":["","POST /store/orders - Flujo Completo de Orden"],"duration":10839,"failureDetails":[{"matcherResult":{"expected":"INVALID_REQUEST","message":"\u001b[2mexpect(\u001b[22m\u001b[31mreceived\u001b[39m\u001b[2m).\u001b[22mtoBe\u001b[2m(\u001b[22m\u001b[32mexpected\u001b[39m\u001b[2m) // Object.is equality\u001b[22m\n\nExpected: \u001b[32m\"INVALID_REQUEST\"\u001b[39m\nReceived: \u001b[31mundefined\u001b[39m","name":"toBe","pass":false}}],"failureMessages":["Error: \u001b[2mexpect(\u001b[22m\u001b[31mreceived\u001b[39m\u001b[2m).\u001b[22mtoBe\u001b[2m(\u001b[22m\u001b[32mexpected\u001b[39m\u001b[2m) // Object.is equality\u001b[22m\n\nExpected: \u001b[32m\"INVALID_REQUEST\"\u001b[39m\nReceived: \u001b[31mundefined\u001b[39m\n    at Object.toBe (C:\\Users\\onlyg\\Desktop\\tiendademo\\medusa-app\\tiendademo-medusa\\integration-tests\\http\\tienda-orders.spec.ts:97:37)\n    at processTicksAndRejections (node:internal/process/task_queues:105:5)"],"fullName":" POST /store/orders - Flujo Completo de Orden Orden rechazada cuando no se proporcionan items","invocations":1,"location":null,"numPassingAsserts":1,"retryReasons":[],"status":"failed","title":"Orden rechazada cuando no se proporcionan items"},{"ancestorTitles":["","POST /store/inventory/validate - Validación de Inventario API"],"duration":11009,"failureDetails":[{"matcherResult":{"actual":400,"expected":200,"message":"\u001b[2mexpect(\u001b[22m\u001b[31mreceived\u001b[39m\u001b[2m).\u001b[22mtoBe\u001b[2m(\u001b[22m\u001b[32mexpected\u001b[39m\u001b[2m) // Object.is equality\u001b[22m\n\nExpected: \u001b[32m200\u001b[39m\nReceived: \u001b[31m400\u001b[39m","name":"toBe","pass":false}}],"failureMessages":["Error: \u001b[2mexpect(\u001b[22m\u001b[31mreceived\u001b[39m\u001b[2m).\u001b[22mtoBe\u001b[2m(\u001b[22m\u001b[32mexpected\u001b[39m\u001b[2m) // Object.is equality\u001b[22m\n\nExpected: \u001b[32m200\u001b[39m\nReceived: \u001b[31m400\u001b[39m\n    at Object.toBe (C:\\Users\\onlyg\\Desktop\\tiendademo\\medusa-app\\tiendademo-medusa\\integration-tests\\http\\tienda-orders.spec.ts:110:33)\n    at processTicksAndRejections (node:internal/process/task_queues:105:5)"],"fullName":" POST /store/inventory/validate - Validación de Inventario API Valida inventario exitosamente via API","invocations":1,"location":null,"numPassingAsserts":0,"retryReasons":[],"status":"failed","title":"Valida inventario exitosamente via API"},{"ancestorTitles":["","POST /store/inventory/validate - Validación de Inventario API"],"duration":10905,"failureDetails":[{"matcherResult":{"expected":"INVALID_REQUEST","message":"\u001b[2mexpect(\u001b[22m\u001b[31mreceived\u001b[39m\u001b[2m).\u001b[22mtoBe\u001b[2m(\u001b[22m\u001b[32mexpected\u001b[39m\u001b[2m) // Object.is equality\u001b[22m\n\nExpected: \u001b[32m\"INVALID_REQUEST\"\u001b[39m\nReceived: \u001b[31mundefined\u001b[39m","name":"toBe","pass":false}}],"failureMessages":["Error: \u001b[2mexpect(\u001b[22m\u001b[31mreceived\u001b[39m\u001b[2m).\u001b[22mtoBe\u001b[2m(\u001b[22m\u001b[32mexpected\u001b[39m\u001b[2m) // Object.is equality\u001b[22m\n\nExpected: \u001b[32m\"INVALID_REQUEST\"\u001b[39m\nReceived: \u001b[31mundefined\u001b[39m\n    at Object.toBe (C:\\Users\\onlyg\\Desktop\\tiendademo\\medusa-app\\tiendademo-medusa\\integration-tests\\http\\tienda-orders.spec.ts:118:37)\n    at processTicksAndRejections (node:internal/process/task_queues:105:5)"],"fullName":" POST /store/inventory/validate - Validación de Inventario API Rechaza request sin items","invocations":1,"location":null,"numPassingAsserts":1,"retryReasons":[],"status":"failed","title":"Rechaza request sin items"},{"ancestorTitles":["","POST /store/discounts/calculate - Cálculo de Descuento API"],"duration":11020,"failureDetails":[{"matcherResult":{"actual":400,"expected":200,"message":"\u001b[2mexpect(\u001b[22m\u001b[31mreceived\u001b[39m\u001b[2m).\u001b[22mtoBe\u001b[2m(\u001b[22m\u001b[32mexpected\u001b[39m\u001b[2m) // Object.is equality\u001b[22m\n\nExpected: \u001b[32m200\u001b[39m\nReceived: \u001b[31m400\u001b[39m","name":"toBe","pass":false}}],"failureMessages":["Error: \u001b[2mexpect(\u001b[22m\u001b[31mreceived\u001b[39m\u001b[2m).\u001b[22mtoBe\u001b[2m(\u001b[22m\u001b[32mexpected\u001b[39m\u001b[2m) // Object.is equality\u001b[22m\n\nExpected: \u001b[32m200\u001b[39m\nReceived: \u001b[31m400\u001b[39m\n    at Object.toBe (C:\\Users\\onlyg\\Desktop\\tiendademo\\medusa-app\\tiendademo-medusa\\integration-tests\\http\\tienda-orders.spec.ts:128:33)\n    at processTicksAndRejections (node:internal/process/task_queues:105:5)"],"fullName":" POST /store/discounts/calculate - Cálculo de Descuento API Calcula descuento automático via API","invocations":1,"location":null,"numPassingAsserts":0,"retryReasons":[],"status":"failed","title":"Calcula descuento automático via API"},{"ancestorTitles":["","POST /store/discounts/calculate - Cálculo de Descuento API"],"duration":11224,"failureDetails":[{"matcherResult":{"expected":"INVALID_REQUEST","message":"\u001b[2mexpect(\u001b[22m\u001b[31mreceived\u001b[39m\u001b[2m).\u001b[22mtoBe\u001b[2m(\u001b[22m\u001b[32mexpected\u001b[39m\u001b[2m) // Object.is equality\u001b[22m\n\nExpected: \u001b[32m\"INVALID_REQUEST\"\u001b[39m\nReceived: \u001b[31mundefined\u001b[39m","name":"toBe","pass":false}}],"failureMessages":["Error: \u001b[2mexpect(\u001b[22m\u001b[31mreceived\u001b[39m\u001b[2m).\u001b[22mtoBe\u001b[2m(\u001b[22m\u001b[32mexpected\u001b[39m\u001b[2m) // Object.is equality\u001b[22m\n\nExpected: \u001b[32m\"INVALID_REQUEST\"\u001b[39m\nReceived: \u001b[31mundefined\u001b[39m\n    at Object.toBe (C:\\Users\\onlyg\\Desktop\\tiendademo\\medusa-app\\tiendademo-medusa\\integration-tests\\http\\tienda-orders.spec.ts:140:37)\n    at processTicksAndRejections (node:internal/process/task_queues:105:5)"],"fullName":" POST /store/discounts/calculate - Cálculo de Descuento API Rechaza subtotal negativo","invocations":1,"location":null,"numPassingAsserts":1,"retryReasons":[],"status":"failed","title":"Rechaza subtotal negativo"},{"ancestorTitles":["","POST /store/discounts/validate - Validación de Código Promo API"],"duration":10746,"failureDetails":[{"matcherResult":{"expected":"MISSING_CODE","message":"\u001b[2mexpect(\u001b[22m\u001b[31mreceived\u001b[39m\u001b[2m).\u001b[22mtoBe\u001b[2m(\u001b[22m\u001b[32mexpected\u001b[39m\u001b[2m) // Object.is equality\u001b[22m\n\nExpected: \u001b[32m\"MISSING_CODE\"\u001b[39m\nReceived: \u001b[31mundefined\u001b[39m","name":"toBe","pass":false}}],"failureMessages":["Error: \u001b[2mexpect(\u001b[22m\u001b[31mreceived\u001b[39m\u001b[2m).\u001b[22mtoBe\u001b[2m(\u001b[22m\u001b[32mexpected\u001b[39m\u001b[2m) // Object.is equality\u001b[22m\n\nExpected: \u001b[32m\"MISSING_CODE\"\u001b[39m\nReceived: \u001b[31mundefined\u001b[39m\n    at Object.toBe (C:\\Users\\onlyg\\Desktop\\tiendademo\\medusa-app\\tiendademo-medusa\\integration-tests\\http\\tienda-orders.spec.ts:149:37)\n    at processTicksAndRejections (node:internal/process/task_queues:105:5)"],"fullName":" POST /store/discounts/validate - Validación de Código Promo API Rechaza request sin código","invocations":1,"location":null,"numPassingAsserts":1,"retryReasons":[],"status":"failed","title":"Rechaza request sin código"},{"ancestorTitles":["","POST /store/shipping/calculate - Cálculo de Envío API"],"duration":11792,"failureDetails":[{"matcherResult":{"actual":400,"expected":200,"message":"\u001b[2mexpect(\u001b[22m\u001b[31mreceived\u001b[39m\u001b[2m).\u001b[22mtoBe\u001b[2m(\u001b[22m\u001b[32mexpected\u001b[39m\u001b[2m) // Object.is equality\u001b[22m\n\nExpected: \u001b[32m200\u001b[39m\nReceived: \u001b[31m400\u001b[39m","name":"toBe","pass":false}}],"failureMessages":["Error: \u001b[2mexpect(\u001b[22m\u001b[31mreceived\u001b[39m\u001b[2m).\u001b[22mtoBe\u001b[2m(\u001b[22m\u001b[32mexpected\u001b[39m\u001b[2m) // Object.is equality\u001b[22m\n\nExpected: \u001b[32m200\u001b[39m\nReceived: \u001b[31m400\u001b[39m\n    at Object.toBe (C:\\Users\\onlyg\\Desktop\\tiendademo\\medusa-app\\tiendademo-medusa\\integration-tests\\http\\tienda-orders.spec.ts:160:33)\n    at processTicksAndRejections (node:internal/process/task_queues:105:5)"],"fullName":" POST /store/shipping/calculate - Cálculo de Envío API Calcula envío por coordenadas","invocations":1,"location":null,"numPassingAsserts":0,"retryReasons":[],"status":"failed","title":"Calcula envío por coordenadas"}],"endTime":1780270233437,"message":"\u001b[1m\u001b[31m  \u001b[1m● \u001b[22m\u001b[1m › POST /store/orders - Flujo Completo de Orden › CP-E2E: Orden completa - inventario OK, descuento promo, envío express\u001b[39m\u001b[22m\n\n    \u001b[2mexpect(\u001b[22m\u001b[31mreceived\u001b[39m\u001b[2m).\u001b[22mtoBe\u001b[2m(\u001b[22m\u001b[32mexpected\u001b[39m\u001b[2m) // Object.is equality\u001b[22m\n\n    Expected: \u001b[32m201\u001b[39m\n    Received: \u001b[31m400\u001b[39m\n\u001b[2m\u001b[22m\n\u001b[2m    \u001b[0m \u001b[90m 48 |\u001b[39m         }\u001b[33m,\u001b[39m { validateStatus\u001b[33m:\u001b[39m () \u001b[33m=>\u001b[39m \u001b[36mtrue\u001b[39m })\u001b[22m\n\u001b[2m     \u001b[90m 49 |\u001b[39m\u001b[22m\n\u001b[2m    \u001b[31m\u001b[1m>\u001b[22m\u001b[2m\u001b[39m\u001b[90m 50 |\u001b[39m         expect(response\u001b[33m.\u001b[39mstatus)\u001b[33m.\u001b[39mtoBe(\u001b[35m201\u001b[39m)\u001b[22m\n\u001b[2m     \u001b[90m    |\u001b[39m                                 \u001b[31m\u001b[1m^\u001b[22m\u001b[2m\u001b[39m\u001b[22m\n\u001b[2m     \u001b[90m 51 |\u001b[39m         \u001b[36mconst\u001b[39m body \u001b[33m=\u001b[39m response\u001b[33m.\u001b[39mdata\u001b[22m\n\u001b[2m     \u001b[90m 52 |\u001b[39m         expect(body\u001b[33m.\u001b[39morder)\u001b[33m.\u001b[39mtoBeDefined()\u001b[22m\n\u001b[2m     \u001b[90m 53 |\u001b[39m         expect(body\u001b[33m.\u001b[39msummary\u001b[33m.\u001b[39msubtotal)\u001b[33m.\u001b[39mtoBe(\u001b[35m250000\u001b[39m)\u001b[0m\u001b[22m\n\u001b[2m\u001b[22m\n\u001b[2m      \u001b[2mat Object.toBe (\u001b[22m\u001b[2m\u001b[0m\u001b[36mintegration-tests/http/tienda-orders.spec.ts\u001b[39m\u001b[0m\u001b[2m:50:33)\u001b[22m\u001b[2m\u001b[22m\n\n\u001b[1m\u001b[31m  \u001b[1m● \u001b[22m\u001b[1m › POST /store/orders - Flujo Completo de Orden › Orden rechazada cuando inventario es insuficiente\u001b[39m\u001b[22m\n\n    \u001b[2mexpect(\u001b[22m\u001b[31mreceived\u001b[39m\u001b[2m).\u001b[22mtoBe\u001b[2m(\u001b[22m\u001b[32mexpected\u001b[39m\u001b[2m) // Object.is equality\u001b[22m\n\n    Expected: \u001b[32m\"INVENTORY_VALIDATION_FAILED\"\u001b[39m\n    Received: \u001b[31mundefined\u001b[39m\n\u001b[2m\u001b[22m\n\u001b[2m    \u001b[0m \u001b[90m 69 |\u001b[39m\u001b[22m\n\u001b[2m     \u001b[90m 70 |\u001b[39m         expect(response\u001b[33m.\u001b[39mstatus)\u001b[33m.\u001b[39mtoBe(\u001b[35m400\u001b[39m)\u001b[22m\n\u001b[2m    \u001b[31m\u001b[1m>\u001b[22m\u001b[2m\u001b[39m\u001b[90m 71 |\u001b[39m         expect(response\u001b[33m.\u001b[39mdata\u001b[33m.\u001b[39merror)\u001b[33m.\u001b[39mtoBe(\u001b[32m\"INVENTORY_VALIDATION_FAILED\"\u001b[39m)\u001b[22m\n\u001b[2m     \u001b[90m    |\u001b[39m                                     \u001b[31m\u001b[1m^\u001b[22m\u001b[2m\u001b[39m\u001b[22m\n\u001b[2m     \u001b[90m 72 |\u001b[39m       })\u001b[22m\n\u001b[2m     \u001b[90m 73 |\u001b[39m\u001b[22m\n\u001b[2m     \u001b[90m 74 |\u001b[39m       \u001b[90m/**\u001b[39m\u001b[0m\u001b[22m\n\u001b[2m\u001b[22m\n\u001b[2m      \u001b[2mat Object.toBe (\u001b[22m\u001b[2m\u001b[0m\u001b[36mintegration-tests/http/tienda-orders.spec.ts\u001b[39m\u001b[0m\u001b[2m:71:37)\u001b[22m\u001b[2m\u001b[22m\n\n\u001b[1m\u001b[31m  \u001b[1m● \u001b[22m\u001b[1m › POST /store/orders - Flujo Completo de Orden › Orden rechazada cuando la zona de envío excede 10 km\u001b[39m\u001b[22m\n\n    \u001b[2mexpect(\u001b[22m\u001b[31mreceived\u001b[39m\u001b[2m).\u001b[22mtoBe\u001b[2m(\u001b[22m\u001b[32mexpected\u001b[39m\u001b[2m) // Object.is equality\u001b[22m\n\n    Expected: \u001b[32m\"SHIPPING_NOT_AVAILABLE\"\u001b[39m\n    Received: \u001b[31mundefined\u001b[39m\n\u001b[2m\u001b[22m\n\u001b[2m    \u001b[0m \u001b[90m 82 |\u001b[39m\u001b[22m\n\u001b[2m     \u001b[90m 83 |\u001b[39m         expect(response\u001b[33m.\u001b[39mstatus)\u001b[33m.\u001b[39mtoBe(\u001b[35m400\u001b[39m)\u001b[22m\n\u001b[2m    \u001b[31m\u001b[1m>\u001b[22m\u001b[2m\u001b[39m\u001b[90m 84 |\u001b[39m         expect(response\u001b[33m.\u001b[39mdata\u001b[33m.\u001b[39merror)\u001b[33m.\u001b[39mtoBe(\u001b[32m\"SHIPPING_NOT_AVAILABLE\"\u001b[39m)\u001b[22m\n\u001b[2m     \u001b[90m    |\u001b[39m                                     \u001b[31m\u001b[1m^\u001b[22m\u001b[2m\u001b[39m\u001b[22m\n\u001b[2m     \u001b[90m 85 |\u001b[39m       })\u001b[22m\n\u001b[2m     \u001b[90m 86 |\u001b[39m\u001b[22m\n\u001b[2m     \u001b[90m 87 |\u001b[39m       \u001b[90m/**\u001b[39m\u001b[0m\u001b[22m\n\u001b[2m\u001b[22m\n\u001b[2m      \u001b[2mat Object.toBe (\u001b[22m\u001b[2m\u001b[0m\u001b[36mintegration-tests/http/tienda-orders.spec.ts\u001b[39m\u001b[0m\u001b[2m:84:37)\u001b[22m\u001b[2m\u001b[22m\n\n\u001b[1m\u001b[31m  \u001b[1m● \u001b[22m\u001b[1m › POST /store/orders - Flujo Completo de Orden › Orden rechazada cuando no se proporcionan items\u001b[39m\u001b[22m\n\n    \u001b[2mexpect(\u001b[22m\u001b[31mreceived\u001b[39m\u001b[2m).\u001b[22mtoBe\u001b[2m(\u001b[22m\u001b[32mexpected\u001b[39m\u001b[2m) // Object.is equality\u001b[22m\n\n    Expected: \u001b[32m\"INVALID_REQUEST\"\u001b[39m\n    Received: \u001b[31mundefined\u001b[39m\n\u001b[2m\u001b[22m\n\u001b[2m    \u001b[0m \u001b[90m  95 |\u001b[39m\u001b[22m\n\u001b[2m     \u001b[90m  96 |\u001b[39m         expect(response\u001b[33m.\u001b[39mstatus)\u001b[33m.\u001b[39mtoBe(\u001b[35m400\u001b[39m)\u001b[22m\n\u001b[2m    \u001b[31m\u001b[1m>\u001b[22m\u001b[2m\u001b[39m\u001b[90m  97 |\u001b[39m         expect(response\u001b[33m.\u001b[39mdata\u001b[33m.\u001b[39merror)\u001b[33m.\u001b[39mtoBe(\u001b[32m\"INVALID_REQUEST\"\u001b[39m)\u001b[22m\n\u001b[2m     \u001b[90m     |\u001b[39m                                     \u001b[31m\u001b[1m^\u001b[22m\u001b[2m\u001b[39m\u001b[22m\n\u001b[2m     \u001b[90m  98 |\u001b[39m       })\u001b[22m\n\u001b[2m     \u001b[90m  99 |\u001b[39m     })\u001b[22m\n\u001b[2m     \u001b[90m 100 |\u001b[39m\u001b[0m\u001b[22m\n\u001b[2m\u001b[22m\n\u001b[2m      \u001b[2mat Object.toBe (\u001b[22m\u001b[2m\u001b[0m\u001b[36mintegration-tests/http/tienda-orders.spec.ts\u001b[39m\u001b[0m\u001b[2m:97:37)\u001b[22m\u001b[2m\u001b[22m\n\n\u001b[1m\u001b[31m  \u001b[1m● \u001b[22m\u001b[1m › POST /store/inventory/validate - Validación de Inventario API › Valida inventario exitosamente via API\u001b[39m\u001b[22m\n\n    \u001b[2mexpect(\u001b[22m\u001b[31mreceived\u001b[39m\u001b[2m).\u001b[22mtoBe\u001b[2m(\u001b[22m\u001b[32mexpected\u001b[39m\u001b[2m) // Object.is equality\u001b[22m\n\n    Expected: \u001b[32m200\u001b[39m\n    Received: \u001b[31m400\u001b[39m\n\u001b[2m\u001b[22m\n\u001b[2m    \u001b[0m \u001b[90m 108 |\u001b[39m         console\u001b[33m.\u001b[39mlog(\u001b[32m\"VALIDATE RESPONSE DATA:\"\u001b[39m\u001b[33m,\u001b[39m \u001b[33mJSON\u001b[39m\u001b[33m.\u001b[39mstringify(response\u001b[33m.\u001b[39mdata\u001b[33m,\u001b[39m \u001b[36mnull\u001b[39m\u001b[33m,\u001b[39m \u001b[35m2\u001b[39m))\u001b[22m\n\u001b[2m     \u001b[90m 109 |\u001b[39m\u001b[22m\n\u001b[2m    \u001b[31m\u001b[1m>\u001b[22m\u001b[2m\u001b[39m\u001b[90m 110 |\u001b[39m         expect(response\u001b[33m.\u001b[39mstatus)\u001b[33m.\u001b[39mtoBe(\u001b[35m200\u001b[39m)\u001b[22m\n\u001b[2m     \u001b[90m     |\u001b[39m                                 \u001b[31m\u001b[1m^\u001b[22m\u001b[2m\u001b[39m\u001b[22m\n\u001b[2m     \u001b[90m 111 |\u001b[39m         expect(response\u001b[33m.\u001b[39mdata\u001b[33m.\u001b[39mvalid)\u001b[33m.\u001b[39mtoBe(\u001b[36mtrue\u001b[39m)\u001b[22m\n\u001b[2m     \u001b[90m 112 |\u001b[39m       })\u001b[22m\n\u001b[2m     \u001b[90m 113 |\u001b[39m\u001b[0m\u001b[22m\n\u001b[2m\u001b[22m\n\u001b[2m      \u001b[2mat Object.toBe (\u001b[22m\u001b[2m\u001b[0m\u001b[36mintegration-tests/http/tienda-orders.spec.ts\u001b[39m\u001b[0m\u001b[2m:110:33)\u001b[22m\u001b[2m\u001b[22m\n\n\u001b[1m\u001b[31m  \u001b[1m● \u001b[22m\u001b[1m › POST /store/inventory/validate - Validación de Inventario API › Rechaza request sin items\u001b[39m\u001b[22m\n\n    \u001b[2mexpect(\u001b[22m\u001b[31mreceived\u001b[39m\u001b[2m).\u001b[22mtoBe\u001b[2m(\u001b[22m\u001b[32mexpected\u001b[39m\u001b[2m) // Object.is equality\u001b[22m\n\n    Expected: \u001b[32m\"INVALID_REQUEST\"\u001b[39m\n    Received: \u001b[31mundefined\u001b[39m\n\u001b[2m\u001b[22m\n\u001b[2m    \u001b[0m \u001b[90m 116 |\u001b[39m\u001b[22m\n\u001b[2m     \u001b[90m 117 |\u001b[39m         expect(response\u001b[33m.\u001b[39mstatus)\u001b[33m.\u001b[39mtoBe(\u001b[35m400\u001b[39m)\u001b[22m\n\u001b[2m    \u001b[31m\u001b[1m>\u001b[22m\u001b[2m\u001b[39m\u001b[90m 118 |\u001b[39m         expect(response\u001b[33m.\u001b[39mdata\u001b[33m.\u001b[39merror)\u001b[33m.\u001b[39mtoBe(\u001b[32m\"INVALID_REQUEST\"\u001b[39m)\u001b[22m\n\u001b[2m     \u001b[90m     |\u001b[39m                                     \u001b[31m\u001b[1m^\u001b[22m\u001b[2m\u001b[39m\u001b[22m\n\u001b[2m     \u001b[90m 119 |\u001b[39m       })\u001b[22m\n\u001b[2m     \u001b[90m 120 |\u001b[39m     })\u001b[22m\n\u001b[2m     \u001b[90m 121 |\u001b[39m\u001b[0m\u001b[22m\n\u001b[2m\u001b[22m\n\u001b[2m      \u001b[2mat Object.toBe (\u001b[22m\u001b[2m\u001b[0m\u001b[36mintegration-tests/http/tienda-orders.spec.ts\u001b[39m\u001b[0m\u001b[2m:118:37)\u001b[22m\u001b[2m\u001b[22m\n\n\u001b[1m\u001b[31m  \u001b[1m● \u001b[22m\u001b[1m › POST /store/discounts/calculate - Cálculo de Descuento API › Calcula descuento automático via API\u001b[39m\u001b[22m\n\n    \u001b[2mexpect(\u001b[22m\u001b[31mreceived\u001b[39m\u001b[2m).\u001b[22mtoBe\u001b[2m(\u001b[22m\u001b[32mexpected\u001b[39m\u001b[2m) // Object.is equality\u001b[22m\n\n    Expected: \u001b[32m200\u001b[39m\n    Received: \u001b[31m400\u001b[39m\n\u001b[2m\u001b[22m\n\u001b[2m    \u001b[0m \u001b[90m 126 |\u001b[39m         }\u001b[33m,\u001b[39m { validateStatus\u001b[33m:\u001b[39m () \u001b[33m=>\u001b[39m \u001b[36mtrue\u001b[39m })\u001b[22m\n\u001b[2m     \u001b[90m 127 |\u001b[39m\u001b[22m\n\u001b[2m    \u001b[31m\u001b[1m>\u001b[22m\u001b[2m\u001b[39m\u001b[90m 128 |\u001b[39m         expect(response\u001b[33m.\u001b[39mstatus)\u001b[33m.\u001b[39mtoBe(\u001b[35m200\u001b[39m)\u001b[22m\n\u001b[2m     \u001b[90m     |\u001b[39m                                 \u001b[31m\u001b[1m^\u001b[22m\u001b[2m\u001b[39m\u001b[22m\n\u001b[2m     \u001b[90m 129 |\u001b[39m         expect(response\u001b[33m.\u001b[39mdata\u001b[33m.\u001b[39mapplies)\u001b[33m.\u001b[39mtoBe(\u001b[36mtrue\u001b[39m)\u001b[22m\n\u001b[2m     \u001b[90m 130 |\u001b[39m         expect(response\u001b[33m.\u001b[39mdata\u001b[33m.\u001b[39mtype)\u001b[33m.\u001b[39mtoBe(\u001b[32m\"auto_threshold\"\u001b[39m)\u001b[22m\n\u001b[2m     \u001b[90m 131 |\u001b[39m         expect(response\u001b[33m.\u001b[39mdata\u001b[33m.\u001b[39mdiscount_amount)\u001b[33m.\u001b[39mtoBe(\u001b[35m25000\u001b[39m)\u001b[0m\u001b[22m\n\u001b[2m\u001b[22m\n\u001b[2m      \u001b[2mat Object.toBe (\u001b[22m\u001b[2m\u001b[0m\u001b[36mintegration-tests/http/tienda-orders.spec.ts\u001b[39m\u001b[0m\u001b[2m:128:33)\u001b[22m\u001b[2m\u001b[22m\n\n\u001b[1m\u001b[31m  \u001b[1m● \u001b[22m\u001b[1m › POST /store/discounts/calculate - Cálculo de Descuento API › Rechaza subtotal negativo\u001b[39m\u001b[22m\n\n    \u001b[2mexpect(\u001b[22m\u001b[31mreceived\u001b[39m\u001b[2m).\u001b[22mtoBe\u001b[2m(\u001b[22m\u001b[32mexpected\u001b[39m\u001b[2m) // Object.is equality\u001b[22m\n\n    Expected: \u001b[32m\"INVALID_REQUEST\"\u001b[39m\n    Received: \u001b[31mundefined\u001b[39m\n\u001b[2m\u001b[22m\n\u001b[2m    \u001b[0m \u001b[90m 138 |\u001b[39m\u001b[22m\n\u001b[2m     \u001b[90m 139 |\u001b[39m         expect(response\u001b[33m.\u001b[39mstatus)\u001b[33m.\u001b[39mtoBe(\u001b[35m400\u001b[39m)\u001b[22m\n\u001b[2m    \u001b[31m\u001b[1m>\u001b[22m\u001b[2m\u001b[39m\u001b[90m 140 |\u001b[39m         expect(response\u001b[33m.\u001b[39mdata\u001b[33m.\u001b[39merror)\u001b[33m.\u001b[39mtoBe(\u001b[32m\"INVALID_REQUEST\"\u001b[39m)\u001b[22m\n\u001b[2m     \u001b[90m     |\u001b[39m                                     \u001b[31m\u001b[1m^\u001b[22m\u001b[2m\u001b[39m\u001b[22m\n\u001b[2m     \u001b[90m 141 |\u001b[39m       })\u001b[22m\n\u001b[2m     \u001b[90m 142 |\u001b[39m     })\u001b[22m\n\u001b[2m     \u001b[90m 143 |\u001b[39m\u001b[0m\u001b[22m\n\u001b[2m\u001b[22m\n\u001b[2m      \u001b[2mat Object.toBe (\u001b[22m\u001b[2m\u001b[0m\u001b[36mintegration-tests/http/tienda-orders.spec.ts\u001b[39m\u001b[0m\u001b[2m:140:37)\u001b[22m\u001b[2m\u001b[22m\n\n\u001b[1m\u001b[31m  \u001b[1m● \u001b[22m\u001b[1m › POST /store/discounts/validate - Validación de Código Promo API › Rechaza request sin código\u001b[39m\u001b[22m\n\n    \u001b[2mexpect(\u001b[22m\u001b[31mreceived\u001b[39m\u001b[2m).\u001b[22mtoBe\u001b[2m(\u001b[22m\u001b[32mexpected\u001b[39m\u001b[2m) // Object.is equality\u001b[22m\n\n    Expected: \u001b[32m\"MISSING_CODE\"\u001b[39m\n    Received: \u001b[31mundefined\u001b[39m\n\u001b[2m\u001b[22m\n\u001b[2m    \u001b[0m \u001b[90m 147 |\u001b[39m\u001b[22m\n\u001b[2m     \u001b[90m 148 |\u001b[39m         expect(response\u001b[33m.\u001b[39mstatus)\u001b[33m.\u001b[39mtoBe(\u001b[35m400\u001b[39m)\u001b[22m\n\u001b[2m    \u001b[31m\u001b[1m>\u001b[22m\u001b[2m\u001b[39m\u001b[90m 149 |\u001b[39m         expect(response\u001b[33m.\u001b[39mdata\u001b[33m.\u001b[39merror)\u001b[33m.\u001b[39mtoBe(\u001b[32m\"MISSING_CODE\"\u001b[39m)\u001b[22m\n\u001b[2m     \u001b[90m     |\u001b[39m                                     \u001b[31m\u001b[1m^\u001b[22m\u001b[2m\u001b[39m\u001b[22m\n\u001b[2m     \u001b[90m 150 |\u001b[39m       })\u001b[22m\n\u001b[2m     \u001b[90m 151 |\u001b[39m     })\u001b[22m\n\u001b[2m     \u001b[90m 152 |\u001b[39m\u001b[0m\u001b[22m\n\u001b[2m\u001b[22m\n\u001b[2m      \u001b[2mat Object.toBe (\u001b[22m\u001b[2m\u001b[0m\u001b[36mintegration-tests/http/tienda-orders.spec.ts\u001b[39m\u001b[0m\u001b[2m:149:37)\u001b[22m\u001b[2m\u001b[22m\n\n\u001b[1m\u001b[31m  \u001b[1m● \u001b[22m\u001b[1m › POST /store/shipping/calculate - Cálculo de Envío API › Calcula envío por coordenadas\u001b[39m\u001b[22m\n\n    \u001b[2mexpect(\u001b[22m\u001b[31mreceived\u001b[39m\u001b[2m).\u001b[22mtoBe\u001b[2m(\u001b[22m\u001b[32mexpected\u001b[39m\u001b[2m) // Object.is equality\u001b[22m\n\n    Expected: \u001b[32m200\u001b[39m\n    Received: \u001b[31m400\u001b[39m\n\u001b[2m\u001b[22m\n\u001b[2m    \u001b[0m \u001b[90m 158 |\u001b[39m         }\u001b[33m,\u001b[39m { validateStatus\u001b[33m:\u001b[39m () \u001b[33m=>\u001b[39m \u001b[36mtrue\u001b[39m })\u001b[22m\n\u001b[2m     \u001b[90m 159 |\u001b[39m\u001b[22m\n\u001b[2m    \u001b[31m\u001b[1m>\u001b[22m\u001b[2m\u001b[39m\u001b[90m 160 |\u001b[39m         expect(response\u001b[33m.\u001b[39mstatus)\u001b[33m.\u001b[39mtoBe(\u001b[35m200\u001b[39m)\u001b[22m\n\u001b[2m     \u001b[90m     |\u001b[39m                                 \u001b[31m\u001b[1m^\u001b[22m\u001b[2m\u001b[39m\u001b[22m\n\u001b[2m     \u001b[90m 161 |\u001b[39m         expect(response\u001b[33m.\u001b[39mdata\u001b[33m.\u001b[39mavailable)\u001b[33m.\u001b[39mtoBe(\u001b[36mtrue\u001b[39m)\u001b[22m\n\u001b[2m     \u001b[90m 162 |\u001b[39m         expect(response\u001b[33m.\u001b[39mdata\u001b[33m.\u001b[39mprice)\u001b[33m.\u001b[39mtoBe(\u001b[35m5000\u001b[39m)\u001b[22m\n\u001b[2m     \u001b[90m 163 |\u001b[39m       })\u001b[0m\u001b[22m\n\u001b[2m\u001b[22m\n\u001b[2m      \u001b[2mat Object.toBe (\u001b[22m\u001b[2m\u001b[0m\u001b[36mintegration-tests/http/tienda-orders.spec.ts\u001b[39m\u001b[0m\u001b[2m:160:33)\u001b[22m\u001b[2m\u001b[22m\n","name":"C:\\Users\\onlyg\\Desktop\\tiendademo\\medusa-app\\tiendademo-medusa\\integration-tests\\http\\tienda-orders.spec.ts","startTime":1780270074057,"status":"failed","summary":""},{"assertionResults":[{"ancestorTitles":["","Ping"],"duration":6711,"failureDetails":[],"failureMessages":[],"fullName":" Ping ping the server health endpoint","invocations":1,"location":null,"numPassingAsserts":1,"retryReasons":[],"status":"passed","title":"ping the server health endpoint"}],"endTime":1780270290311,"message":"","name":"C:\\Users\\onlyg\\Desktop\\tiendademo\\medusa-app\\tiendademo-medusa\\integration-tests\\http\\health.spec.ts","startTime":1780270243447,"status":"passed","summary":""}],"wasInterrupted":false}
