{"numFailedTestSuites":2,"numFailedTests":11,"numPassedTestSuites":0,"numPassedTests":0,"numPendingTestSuites":0,"numPendingTests":0,"numRuntimeErrorTestSuites":0,"numTodoTests":0,"numTotalTestSuites":2,"numTotalTests":11,"openHandles":[],"snapshot":{"added":0,"didUpdate":false,"failure":false,"filesAdded":0,"filesRemoved":0,"filesRemovedList":[],"filesUnmatched":0,"filesUpdated":0,"matched":0,"total":0,"unchecked":0,"uncheckedKeysByFile":[],"unmatched":0,"updated":0},"startTime":1780269987264,"success":false,"testResults":[{"assertionResults":[{"ancestorTitles":["","POST /store/orders - Flujo Completo de Orden"],"duration":85,"failureDetails":[{"code":"ERR_VM_DYNAMIC_IMPORT_CALLBACK_MISSING_FLAG"},{},{}],"failureMessages":["TypeError: A dynamic import callback was invoked without --experimental-vm-modules\n    at importModuleDynamicallyCallback (node:internal/modules/esm/utils:271:11)\n    at configLoaderOverride (C:\\Users\\onlyg\\Desktop\\tiendademo\\medusa-app\\tiendademo-medusa\\node_modules\\@medusajs\\test-utils\\src\\medusa-test-runner-utils\\config.ts:11:29)\n    at MedusaTestRunner.beforeAll (C:\\Users\\onlyg\\Desktop\\tiendademo\\medusa-app\\tiendademo-medusa\\node_modules\\@medusajs\\test-utils\\src\\medusa-test-runner.ts:263:33)\n    at Object.<anonymous> (C:\\Users\\onlyg\\Desktop\\tiendademo\\medusa-app\\tiendademo-medusa\\node_modules\\@medusajs\\test-utils\\src\\medusa-test-runner.ts:376:20)\n    at Promise.then.completed (C:\\Users\\onlyg\\Desktop\\tiendademo\\medusa-app\\tiendademo-medusa\\node_modules\\jest-circus\\build\\utils.js:298:28)\n    at new Promise (<anonymous>)\n    at callAsyncCircusFn (C:\\Users\\onlyg\\Desktop\\tiendademo\\medusa-app\\tiendademo-medusa\\node_modules\\jest-circus\\build\\utils.js:231:10)\n    at _callCircusHook (C:\\Users\\onlyg\\Desktop\\tiendademo\\medusa-app\\tiendademo-medusa\\node_modules\\jest-circus\\build\\run.js:281:40)\n    at _runTestsForDescribeBlock (C:\\Users\\onlyg\\Desktop\\tiendademo\\medusa-app\\tiendademo-medusa\\node_modules\\jest-circus\\build\\run.js:95:7)\n    at _runTestsForDescribeBlock (C:\\Users\\onlyg\\Desktop\\tiendademo\\medusa-app\\tiendademo-medusa\\node_modules\\jest-circus\\build\\run.js:121:9)\n    at run (C:\\Users\\onlyg\\Desktop\\tiendademo\\medusa-app\\tiendademo-medusa\\node_modules\\jest-circus\\build\\run.js:71:3)\n    at runAndTransformResultsToJestFormat (C:\\Users\\onlyg\\Desktop\\tiendademo\\medusa-app\\tiendademo-medusa\\node_modules\\jest-circus\\build\\legacy-code-todo-rewrite\\jestAdapterInit.js:122:21)\n    at jestAdapter (C:\\Users\\onlyg\\Desktop\\tiendademo\\medusa-app\\tiendademo-medusa\\node_modules\\jest-circus\\build\\legacy-code-todo-rewrite\\jestAdapter.js:79:19)\n    at runTestInternal (C:\\Users\\onlyg\\Desktop\\tiendademo\\medusa-app\\tiendademo-medusa\\node_modules\\jest-runner\\build\\runTest.js:367:16)\n    at runTest (C:\\Users\\onlyg\\Desktop\\tiendademo\\medusa-app\\tiendademo-medusa\\node_modules\\jest-runner\\build\\runTest.js:444:34)","TypeError: Cannot read properties of null (reading 'resolve')\n    at resolve (C:\\Users\\onlyg\\Desktop\\tiendademo\\medusa-app\\tiendademo-medusa\\src\\scripts\\tienda-seed.ts:19:28)\n    at Object.<anonymous> (C:\\Users\\onlyg\\Desktop\\tiendademo\\medusa-app\\tiendademo-medusa\\integration-tests\\http\\tienda-orders.spec.ts:28:33)\n    at Promise.then.completed (C:\\Users\\onlyg\\Desktop\\tiendademo\\medusa-app\\tiendademo-medusa\\node_modules\\jest-circus\\build\\utils.js:298:28)\n    at new Promise (<anonymous>)\n    at callAsyncCircusFn (C:\\Users\\onlyg\\Desktop\\tiendademo\\medusa-app\\tiendademo-medusa\\node_modules\\jest-circus\\build\\utils.js:231:10)\n    at _callCircusHook (C:\\Users\\onlyg\\Desktop\\tiendademo\\medusa-app\\tiendademo-medusa\\node_modules\\jest-circus\\build\\run.js:281:40)\n    at processTicksAndRejections (node:internal/process/task_queues:105:5)\n    at _runTestsForDescribeBlock (C:\\Users\\onlyg\\Desktop\\tiendademo\\medusa-app\\tiendademo-medusa\\node_modules\\jest-circus\\build\\run.js:95:7)\n    at _runTestsForDescribeBlock (C:\\Users\\onlyg\\Desktop\\tiendademo\\medusa-app\\tiendademo-medusa\\node_modules\\jest-circus\\build\\run.js:121:9)\n    at _runTestsForDescribeBlock (C:\\Users\\onlyg\\Desktop\\tiendademo\\medusa-app\\tiendademo-medusa\\node_modules\\jest-circus\\build\\run.js:121:9)\n    at run (C:\\Users\\onlyg\\Desktop\\tiendademo\\medusa-app\\tiendademo-medusa\\node_modules\\jest-circus\\build\\run.js:71:3)\n    at runAndTransformResultsToJestFormat (C:\\Users\\onlyg\\Desktop\\tiendademo\\medusa-app\\tiendademo-medusa\\node_modules\\jest-circus\\build\\legacy-code-todo-rewrite\\jestAdapterInit.js:122:21)\n    at jestAdapter (C:\\Users\\onlyg\\Desktop\\tiendademo\\medusa-app\\tiendademo-medusa\\node_modules\\jest-circus\\build\\legacy-code-todo-rewrite\\jestAdapter.js:79:19)\n    at runTestInternal (C:\\Users\\onlyg\\Desktop\\tiendademo\\medusa-app\\tiendademo-medusa\\node_modules\\jest-runner\\build\\runTest.js:367:16)\n    at runTest (C:\\Users\\onlyg\\Desktop\\tiendademo\\medusa-app\\tiendademo-medusa\\node_modules\\jest-runner\\build\\runTest.js:444:34)","TypeError: Cannot read properties of null (reading 'resolve')\n    at waitWorkflowExecutions (C:\\Users\\onlyg\\Desktop\\tiendademo\\medusa-app\\tiendademo-medusa\\node_modules\\@medusajs\\test-utils\\src\\medusa-test-runner-utils\\wait-workflow-executions.ts:11:25)\n    at MedusaTestRunner.afterEach (C:\\Users\\onlyg\\Desktop\\tiendademo\\medusa-app\\tiendademo-medusa\\node_modules\\@medusajs\\test-utils\\src\\medusa-test-runner.ts:302:35)\n    at Object.<anonymous> (C:\\Users\\onlyg\\Desktop\\tiendademo\\medusa-app\\tiendademo-medusa\\node_modules\\@medusajs\\test-utils\\src\\medusa-test-runner.ts:385:20)\n    at Promise.then.completed (C:\\Users\\onlyg\\Desktop\\tiendademo\\medusa-app\\tiendademo-medusa\\node_modules\\jest-circus\\build\\utils.js:298:28)\n    at new Promise (<anonymous>)\n    at callAsyncCircusFn (C:\\Users\\onlyg\\Desktop\\tiendademo\\medusa-app\\tiendademo-medusa\\node_modules\\jest-circus\\build\\utils.js:231:10)\n    at _callCircusHook (C:\\Users\\onlyg\\Desktop\\tiendademo\\medusa-app\\tiendademo-medusa\\node_modules\\jest-circus\\build\\run.js:281:40)\n    at processTicksAndRejections (node:internal/process/task_queues:105:5)\n    at _runTest (C:\\Users\\onlyg\\Desktop\\tiendademo\\medusa-app\\tiendademo-medusa\\node_modules\\jest-circus\\build\\run.js:254:5)\n    at _runTestsForDescribeBlock (C:\\Users\\onlyg\\Desktop\\tiendademo\\medusa-app\\tiendademo-medusa\\node_modules\\jest-circus\\build\\run.js:126:9)\n    at _runTestsForDescribeBlock (C:\\Users\\onlyg\\Desktop\\tiendademo\\medusa-app\\tiendademo-medusa\\node_modules\\jest-circus\\build\\run.js:121:9)\n    at _runTestsForDescribeBlock (C:\\Users\\onlyg\\Desktop\\tiendademo\\medusa-app\\tiendademo-medusa\\node_modules\\jest-circus\\build\\run.js:121:9)\n    at run (C:\\Users\\onlyg\\Desktop\\tiendademo\\medusa-app\\tiendademo-medusa\\node_modules\\jest-circus\\build\\run.js:71:3)\n    at runAndTransformResultsToJestFormat (C:\\Users\\onlyg\\Desktop\\tiendademo\\medusa-app\\tiendademo-medusa\\node_modules\\jest-circus\\build\\legacy-code-todo-rewrite\\jestAdapterInit.js:122:21)\n    at jestAdapter (C:\\Users\\onlyg\\Desktop\\tiendademo\\medusa-app\\tiendademo-medusa\\node_modules\\jest-circus\\build\\legacy-code-todo-rewrite\\jestAdapter.js:79:19)\n    at runTestInternal (C:\\Users\\onlyg\\Desktop\\tiendademo\\medusa-app\\tiendademo-medusa\\node_modules\\jest-runner\\build\\runTest.js:367:16)\n    at runTest (C:\\Users\\onlyg\\Desktop\\tiendademo\\medusa-app\\tiendademo-medusa\\node_modules\\jest-runner\\build\\runTest.js:444:34)"],"fullName":" POST /store/orders - Flujo Completo de Orden CP-E2E: Orden completa - inventario OK, descuento promo, envío express","invocations":1,"location":null,"numPassingAsserts":0,"retryReasons":[],"status":"failed","title":"CP-E2E: Orden completa - inventario OK, descuento promo, envío express"},{"ancestorTitles":["","POST /store/orders - Flujo Completo de Orden"],"duration":2,"failureDetails":[{"code":"ERR_VM_DYNAMIC_IMPORT_CALLBACK_MISSING_FLAG"},{},{}],"failureMessages":["TypeError: A dynamic import callback was invoked without --experimental-vm-modules\n    at importModuleDynamicallyCallback (node:internal/modules/esm/utils:271:11)\n    at configLoaderOverride (C:\\Users\\onlyg\\Desktop\\tiendademo\\medusa-app\\tiendademo-medusa\\node_modules\\@medusajs\\test-utils\\src\\medusa-test-runner-utils\\config.ts:11:29)\n    at MedusaTestRunner.beforeAll (C:\\Users\\onlyg\\Desktop\\tiendademo\\medusa-app\\tiendademo-medusa\\node_modules\\@medusajs\\test-utils\\src\\medusa-test-runner.ts:263:33)\n    at Object.<anonymous> (C:\\Users\\onlyg\\Desktop\\tiendademo\\medusa-app\\tiendademo-medusa\\node_modules\\@medusajs\\test-utils\\src\\medusa-test-runner.ts:376:20)\n    at Promise.then.completed (C:\\Users\\onlyg\\Desktop\\tiendademo\\medusa-app\\tiendademo-medusa\\node_modules\\jest-circus\\build\\utils.js:298:28)\n    at new Promise (<anonymous>)\n    at callAsyncCircusFn (C:\\Users\\onlyg\\Desktop\\tiendademo\\medusa-app\\tiendademo-medusa\\node_modules\\jest-circus\\build\\utils.js:231:10)\n    at _callCircusHook (C:\\Users\\onlyg\\Desktop\\tiendademo\\medusa-app\\tiendademo-medusa\\node_modules\\jest-circus\\build\\run.js:281:40)\n    at _runTestsForDescribeBlock (C:\\Users\\onlyg\\Desktop\\tiendademo\\medusa-app\\tiendademo-medusa\\node_modules\\jest-circus\\build\\run.js:95:7)\n    at _runTestsForDescribeBlock (C:\\Users\\onlyg\\Desktop\\tiendademo\\medusa-app\\tiendademo-medusa\\node_modules\\jest-circus\\build\\run.js:121:9)\n    at run (C:\\Users\\onlyg\\Desktop\\tiendademo\\medusa-app\\tiendademo-medusa\\node_modules\\jest-circus\\build\\run.js:71:3)\n    at runAndTransformResultsToJestFormat (C:\\Users\\onlyg\\Desktop\\tiendademo\\medusa-app\\tiendademo-medusa\\node_modules\\jest-circus\\build\\legacy-code-todo-rewrite\\jestAdapterInit.js:122:21)\n    at jestAdapter (C:\\Users\\onlyg\\Desktop\\tiendademo\\medusa-app\\tiendademo-medusa\\node_modules\\jest-circus\\build\\legacy-code-todo-rewrite\\jestAdapter.js:79:19)\n    at runTestInternal (C:\\Users\\onlyg\\Desktop\\tiendademo\\medusa-app\\tiendademo-medusa\\node_modules\\jest-runner\\build\\runTest.js:367:16)\n    at runTest (C:\\Users\\onlyg\\Desktop\\tiendademo\\medusa-app\\tiendademo-medusa\\node_modules\\jest-runner\\build\\runTest.js:444:34)","TypeError: Cannot read properties of null (reading 'resolve')\n    at resolve (C:\\Users\\onlyg\\Desktop\\tiendademo\\medusa-app\\tiendademo-medusa\\src\\scripts\\tienda-seed.ts:19:28)\n    at Object.<anonymous> (C:\\Users\\onlyg\\Desktop\\tiendademo\\medusa-app\\tiendademo-medusa\\integration-tests\\http\\tienda-orders.spec.ts:28:33)\n    at Promise.then.completed (C:\\Users\\onlyg\\Desktop\\tiendademo\\medusa-app\\tiendademo-medusa\\node_modules\\jest-circus\\build\\utils.js:298:28)\n    at new Promise (<anonymous>)\n    at callAsyncCircusFn (C:\\Users\\onlyg\\Desktop\\tiendademo\\medusa-app\\tiendademo-medusa\\node_modules\\jest-circus\\build\\utils.js:231:10)\n    at _callCircusHook (C:\\Users\\onlyg\\Desktop\\tiendademo\\medusa-app\\tiendademo-medusa\\node_modules\\jest-circus\\build\\run.js:281:40)\n    at processTicksAndRejections (node:internal/process/task_queues:105:5)\n    at _runTestsForDescribeBlock (C:\\Users\\onlyg\\Desktop\\tiendademo\\medusa-app\\tiendademo-medusa\\node_modules\\jest-circus\\build\\run.js:95:7)\n    at _runTestsForDescribeBlock (C:\\Users\\onlyg\\Desktop\\tiendademo\\medusa-app\\tiendademo-medusa\\node_modules\\jest-circus\\build\\run.js:121:9)\n    at _runTestsForDescribeBlock (C:\\Users\\onlyg\\Desktop\\tiendademo\\medusa-app\\tiendademo-medusa\\node_modules\\jest-circus\\build\\run.js:121:9)\n    at run (C:\\Users\\onlyg\\Desktop\\tiendademo\\medusa-app\\tiendademo-medusa\\node_modules\\jest-circus\\build\\run.js:71:3)\n    at runAndTransformResultsToJestFormat (C:\\Users\\onlyg\\Desktop\\tiendademo\\medusa-app\\tiendademo-medusa\\node_modules\\jest-circus\\build\\legacy-code-todo-rewrite\\jestAdapterInit.js:122:21)\n    at jestAdapter (C:\\Users\\onlyg\\Desktop\\tiendademo\\medusa-app\\tiendademo-medusa\\node_modules\\jest-circus\\build\\legacy-code-todo-rewrite\\jestAdapter.js:79:19)\n    at runTestInternal (C:\\Users\\onlyg\\Desktop\\tiendademo\\medusa-app\\tiendademo-medusa\\node_modules\\jest-runner\\build\\runTest.js:367:16)\n    at runTest (C:\\Users\\onlyg\\Desktop\\tiendademo\\medusa-app\\tiendademo-medusa\\node_modules\\jest-runner\\build\\runTest.js:444:34)","TypeError: Cannot read properties of null (reading 'resolve')\n    at waitWorkflowExecutions (C:\\Users\\onlyg\\Desktop\\tiendademo\\medusa-app\\tiendademo-medusa\\node_modules\\@medusajs\\test-utils\\src\\medusa-test-runner-utils\\wait-workflow-executions.ts:11:25)\n    at MedusaTestRunner.afterEach (C:\\Users\\onlyg\\Desktop\\tiendademo\\medusa-app\\tiendademo-medusa\\node_modules\\@medusajs\\test-utils\\src\\medusa-test-runner.ts:302:35)\n    at Object.<anonymous> (C:\\Users\\onlyg\\Desktop\\tiendademo\\medusa-app\\tiendademo-medusa\\node_modules\\@medusajs\\test-utils\\src\\medusa-test-runner.ts:385:20)\n    at Promise.then.completed (C:\\Users\\onlyg\\Desktop\\tiendademo\\medusa-app\\tiendademo-medusa\\node_modules\\jest-circus\\build\\utils.js:298:28)\n    at new Promise (<anonymous>)\n    at callAsyncCircusFn (C:\\Users\\onlyg\\Desktop\\tiendademo\\medusa-app\\tiendademo-medusa\\node_modules\\jest-circus\\build\\utils.js:231:10)\n    at _callCircusHook (C:\\Users\\onlyg\\Desktop\\tiendademo\\medusa-app\\tiendademo-medusa\\node_modules\\jest-circus\\build\\run.js:281:40)\n    at processTicksAndRejections (node:internal/process/task_queues:105:5)\n    at _runTest (C:\\Users\\onlyg\\Desktop\\tiendademo\\medusa-app\\tiendademo-medusa\\node_modules\\jest-circus\\build\\run.js:254:5)\n    at _runTestsForDescribeBlock (C:\\Users\\onlyg\\Desktop\\tiendademo\\medusa-app\\tiendademo-medusa\\node_modules\\jest-circus\\build\\run.js:126:9)\n    at _runTestsForDescribeBlock (C:\\Users\\onlyg\\Desktop\\tiendademo\\medusa-app\\tiendademo-medusa\\node_modules\\jest-circus\\build\\run.js:121:9)\n    at _runTestsForDescribeBlock (C:\\Users\\onlyg\\Desktop\\tiendademo\\medusa-app\\tiendademo-medusa\\node_modules\\jest-circus\\build\\run.js:121:9)\n    at run (C:\\Users\\onlyg\\Desktop\\tiendademo\\medusa-app\\tiendademo-medusa\\node_modules\\jest-circus\\build\\run.js:71:3)\n    at runAndTransformResultsToJestFormat (C:\\Users\\onlyg\\Desktop\\tiendademo\\medusa-app\\tiendademo-medusa\\node_modules\\jest-circus\\build\\legacy-code-todo-rewrite\\jestAdapterInit.js:122:21)\n    at jestAdapter (C:\\Users\\onlyg\\Desktop\\tiendademo\\medusa-app\\tiendademo-medusa\\node_modules\\jest-circus\\build\\legacy-code-todo-rewrite\\jestAdapter.js:79:19)\n    at runTestInternal (C:\\Users\\onlyg\\Desktop\\tiendademo\\medusa-app\\tiendademo-medusa\\node_modules\\jest-runner\\build\\runTest.js:367:16)\n    at runTest (C:\\Users\\onlyg\\Desktop\\tiendademo\\medusa-app\\tiendademo-medusa\\node_modules\\jest-runner\\build\\runTest.js:444:34)"],"fullName":" POST /store/orders - Flujo Completo de Orden Orden rechazada cuando inventario es insuficiente","invocations":1,"location":null,"numPassingAsserts":0,"retryReasons":[],"status":"failed","title":"Orden rechazada cuando inventario es insuficiente"},{"ancestorTitles":["","POST /store/orders - Flujo Completo de Orden"],"duration":3,"failureDetails":[{"code":"ERR_VM_DYNAMIC_IMPORT_CALLBACK_MISSING_FLAG"},{},{}],"failureMessages":["TypeError: A dynamic import callback was invoked without --experimental-vm-modules\n    at importModuleDynamicallyCallback (node:internal/modules/esm/utils:271:11)\n    at configLoaderOverride (C:\\Users\\onlyg\\Desktop\\tiendademo\\medusa-app\\tiendademo-medusa\\node_modules\\@medusajs\\test-utils\\src\\medusa-test-runner-utils\\config.ts:11:29)\n    at MedusaTestRunner.beforeAll (C:\\Users\\onlyg\\Desktop\\tiendademo\\medusa-app\\tiendademo-medusa\\node_modules\\@medusajs\\test-utils\\src\\medusa-test-runner.ts:263:33)\n    at Object.<anonymous> (C:\\Users\\onlyg\\Desktop\\tiendademo\\medusa-app\\tiendademo-medusa\\node_modules\\@medusajs\\test-utils\\src\\medusa-test-runner.ts:376:20)\n    at Promise.then.completed (C:\\Users\\onlyg\\Desktop\\tiendademo\\medusa-app\\tiendademo-medusa\\node_modules\\jest-circus\\build\\utils.js:298:28)\n    at new Promise (<anonymous>)\n    at callAsyncCircusFn (C:\\Users\\onlyg\\Desktop\\tiendademo\\medusa-app\\tiendademo-medusa\\node_modules\\jest-circus\\build\\utils.js:231:10)\n    at _callCircusHook (C:\\Users\\onlyg\\Desktop\\tiendademo\\medusa-app\\tiendademo-medusa\\node_modules\\jest-circus\\build\\run.js:281:40)\n    at _runTestsForDescribeBlock (C:\\Users\\onlyg\\Desktop\\tiendademo\\medusa-app\\tiendademo-medusa\\node_modules\\jest-circus\\build\\run.js:95:7)\n    at _runTestsForDescribeBlock (C:\\Users\\onlyg\\Desktop\\tiendademo\\medusa-app\\tiendademo-medusa\\node_modules\\jest-circus\\build\\run.js:121:9)\n    at run (C:\\Users\\onlyg\\Desktop\\tiendademo\\medusa-app\\tiendademo-medusa\\node_modules\\jest-circus\\build\\run.js:71:3)\n    at runAndTransformResultsToJestFormat (C:\\Users\\onlyg\\Desktop\\tiendademo\\medusa-app\\tiendademo-medusa\\node_modules\\jest-circus\\build\\legacy-code-todo-rewrite\\jestAdapterInit.js:122:21)\n    at jestAdapter (C:\\Users\\onlyg\\Desktop\\tiendademo\\medusa-app\\tiendademo-medusa\\node_modules\\jest-circus\\build\\legacy-code-todo-rewrite\\jestAdapter.js:79:19)\n    at runTestInternal (C:\\Users\\onlyg\\Desktop\\tiendademo\\medusa-app\\tiendademo-medusa\\node_modules\\jest-runner\\build\\runTest.js:367:16)\n    at runTest (C:\\Users\\onlyg\\Desktop\\tiendademo\\medusa-app\\tiendademo-medusa\\node_modules\\jest-runner\\build\\runTest.js:444:34)","TypeError: Cannot read properties of null (reading 'resolve')\n    at resolve (C:\\Users\\onlyg\\Desktop\\tiendademo\\medusa-app\\tiendademo-medusa\\src\\scripts\\tienda-seed.ts:19:28)\n    at Object.<anonymous> (C:\\Users\\onlyg\\Desktop\\tiendademo\\medusa-app\\tiendademo-medusa\\integration-tests\\http\\tienda-orders.spec.ts:28:33)\n    at Promise.then.completed (C:\\Users\\onlyg\\Desktop\\tiendademo\\medusa-app\\tiendademo-medusa\\node_modules\\jest-circus\\build\\utils.js:298:28)\n    at new Promise (<anonymous>)\n    at callAsyncCircusFn (C:\\Users\\onlyg\\Desktop\\tiendademo\\medusa-app\\tiendademo-medusa\\node_modules\\jest-circus\\build\\utils.js:231:10)\n    at _callCircusHook (C:\\Users\\onlyg\\Desktop\\tiendademo\\medusa-app\\tiendademo-medusa\\node_modules\\jest-circus\\build\\run.js:281:40)\n    at processTicksAndRejections (node:internal/process/task_queues:105:5)\n    at _runTestsForDescribeBlock (C:\\Users\\onlyg\\Desktop\\tiendademo\\medusa-app\\tiendademo-medusa\\node_modules\\jest-circus\\build\\run.js:95:7)\n    at _runTestsForDescribeBlock (C:\\Users\\onlyg\\Desktop\\tiendademo\\medusa-app\\tiendademo-medusa\\node_modules\\jest-circus\\build\\run.js:121:9)\n    at _runTestsForDescribeBlock (C:\\Users\\onlyg\\Desktop\\tiendademo\\medusa-app\\tiendademo-medusa\\node_modules\\jest-circus\\build\\run.js:121:9)\n    at run (C:\\Users\\onlyg\\Desktop\\tiendademo\\medusa-app\\tiendademo-medusa\\node_modules\\jest-circus\\build\\run.js:71:3)\n    at runAndTransformResultsToJestFormat (C:\\Users\\onlyg\\Desktop\\tiendademo\\medusa-app\\tiendademo-medusa\\node_modules\\jest-circus\\build\\legacy-code-todo-rewrite\\jestAdapterInit.js:122:21)\n    at jestAdapter (C:\\Users\\onlyg\\Desktop\\tiendademo\\medusa-app\\tiendademo-medusa\\node_modules\\jest-circus\\build\\legacy-code-todo-rewrite\\jestAdapter.js:79:19)\n    at runTestInternal (C:\\Users\\onlyg\\Desktop\\tiendademo\\medusa-app\\tiendademo-medusa\\node_modules\\jest-runner\\build\\runTest.js:367:16)\n    at runTest (C:\\Users\\onlyg\\Desktop\\tiendademo\\medusa-app\\tiendademo-medusa\\node_modules\\jest-runner\\build\\runTest.js:444:34)","TypeError: Cannot read properties of null (reading 'resolve')\n    at waitWorkflowExecutions (C:\\Users\\onlyg\\Desktop\\tiendademo\\medusa-app\\tiendademo-medusa\\node_modules\\@medusajs\\test-utils\\src\\medusa-test-runner-utils\\wait-workflow-executions.ts:11:25)\n    at MedusaTestRunner.afterEach (C:\\Users\\onlyg\\Desktop\\tiendademo\\medusa-app\\tiendademo-medusa\\node_modules\\@medusajs\\test-utils\\src\\medusa-test-runner.ts:302:35)\n    at Object.<anonymous> (C:\\Users\\onlyg\\Desktop\\tiendademo\\medusa-app\\tiendademo-medusa\\node_modules\\@medusajs\\test-utils\\src\\medusa-test-runner.ts:385:20)\n    at Promise.then.completed (C:\\Users\\onlyg\\Desktop\\tiendademo\\medusa-app\\tiendademo-medusa\\node_modules\\jest-circus\\build\\utils.js:298:28)\n    at new Promise (<anonymous>)\n    at callAsyncCircusFn (C:\\Users\\onlyg\\Desktop\\tiendademo\\medusa-app\\tiendademo-medusa\\node_modules\\jest-circus\\build\\utils.js:231:10)\n    at _callCircusHook (C:\\Users\\onlyg\\Desktop\\tiendademo\\medusa-app\\tiendademo-medusa\\node_modules\\jest-circus\\build\\run.js:281:40)\n    at processTicksAndRejections (node:internal/process/task_queues:105:5)\n    at _runTest (C:\\Users\\onlyg\\Desktop\\tiendademo\\medusa-app\\tiendademo-medusa\\node_modules\\jest-circus\\build\\run.js:254:5)\n    at _runTestsForDescribeBlock (C:\\Users\\onlyg\\Desktop\\tiendademo\\medusa-app\\tiendademo-medusa\\node_modules\\jest-circus\\build\\run.js:126:9)\n    at _runTestsForDescribeBlock (C:\\Users\\onlyg\\Desktop\\tiendademo\\medusa-app\\tiendademo-medusa\\node_modules\\jest-circus\\build\\run.js:121:9)\n    at _runTestsForDescribeBlock (C:\\Users\\onlyg\\Desktop\\tiendademo\\medusa-app\\tiendademo-medusa\\node_modules\\jest-circus\\build\\run.js:121:9)\n    at run (C:\\Users\\onlyg\\Desktop\\tiendademo\\medusa-app\\tiendademo-medusa\\node_modules\\jest-circus\\build\\run.js:71:3)\n    at runAndTransformResultsToJestFormat (C:\\Users\\onlyg\\Desktop\\tiendademo\\medusa-app\\tiendademo-medusa\\node_modules\\jest-circus\\build\\legacy-code-todo-rewrite\\jestAdapterInit.js:122:21)\n    at jestAdapter (C:\\Users\\onlyg\\Desktop\\tiendademo\\medusa-app\\tiendademo-medusa\\node_modules\\jest-circus\\build\\legacy-code-todo-rewrite\\jestAdapter.js:79:19)\n    at runTestInternal (C:\\Users\\onlyg\\Desktop\\tiendademo\\medusa-app\\tiendademo-medusa\\node_modules\\jest-runner\\build\\runTest.js:367:16)\n    at runTest (C:\\Users\\onlyg\\Desktop\\tiendademo\\medusa-app\\tiendademo-medusa\\node_modules\\jest-runner\\build\\runTest.js:444:34)"],"fullName":" POST /store/orders - Flujo Completo de Orden Orden rechazada cuando la zona de envío excede 10 km","invocations":1,"location":null,"numPassingAsserts":0,"retryReasons":[],"status":"failed","title":"Orden rechazada cuando la zona de envío excede 10 km"},{"ancestorTitles":["","POST /store/orders - Flujo Completo de Orden"],"duration":2,"failureDetails":[{"code":"ERR_VM_DYNAMIC_IMPORT_CALLBACK_MISSING_FLAG"},{},{}],"failureMessages":["TypeError: A dynamic import callback was invoked without --experimental-vm-modules\n    at importModuleDynamicallyCallback (node:internal/modules/esm/utils:271:11)\n    at configLoaderOverride (C:\\Users\\onlyg\\Desktop\\tiendademo\\medusa-app\\tiendademo-medusa\\node_modules\\@medusajs\\test-utils\\src\\medusa-test-runner-utils\\config.ts:11:29)\n    at MedusaTestRunner.beforeAll (C:\\Users\\onlyg\\Desktop\\tiendademo\\medusa-app\\tiendademo-medusa\\node_modules\\@medusajs\\test-utils\\src\\medusa-test-runner.ts:263:33)\n    at Object.<anonymous> (C:\\Users\\onlyg\\Desktop\\tiendademo\\medusa-app\\tiendademo-medusa\\node_modules\\@medusajs\\test-utils\\src\\medusa-test-runner.ts:376:20)\n    at Promise.then.completed (C:\\Users\\onlyg\\Desktop\\tiendademo\\medusa-app\\tiendademo-medusa\\node_modules\\jest-circus\\build\\utils.js:298:28)\n    at new Promise (<anonymous>)\n    at callAsyncCircusFn (C:\\Users\\onlyg\\Desktop\\tiendademo\\medusa-app\\tiendademo-medusa\\node_modules\\jest-circus\\build\\utils.js:231:10)\n    at _callCircusHook (C:\\Users\\onlyg\\Desktop\\tiendademo\\medusa-app\\tiendademo-medusa\\node_modules\\jest-circus\\build\\run.js:281:40)\n    at _runTestsForDescribeBlock (C:\\Users\\onlyg\\Desktop\\tiendademo\\medusa-app\\tiendademo-medusa\\node_modules\\jest-circus\\build\\run.js:95:7)\n    at _runTestsForDescribeBlock (C:\\Users\\onlyg\\Desktop\\tiendademo\\medusa-app\\tiendademo-medusa\\node_modules\\jest-circus\\build\\run.js:121:9)\n    at run (C:\\Users\\onlyg\\Desktop\\tiendademo\\medusa-app\\tiendademo-medusa\\node_modules\\jest-circus\\build\\run.js:71:3)\n    at runAndTransformResultsToJestFormat (C:\\Users\\onlyg\\Desktop\\tiendademo\\medusa-app\\tiendademo-medusa\\node_modules\\jest-circus\\build\\legacy-code-todo-rewrite\\jestAdapterInit.js:122:21)\n    at jestAdapter (C:\\Users\\onlyg\\Desktop\\tiendademo\\medusa-app\\tiendademo-medusa\\node_modules\\jest-circus\\build\\legacy-code-todo-rewrite\\jestAdapter.js:79:19)\n    at runTestInternal (C:\\Users\\onlyg\\Desktop\\tiendademo\\medusa-app\\tiendademo-medusa\\node_modules\\jest-runner\\build\\runTest.js:367:16)\n    at runTest (C:\\Users\\onlyg\\Desktop\\tiendademo\\medusa-app\\tiendademo-medusa\\node_modules\\jest-runner\\build\\runTest.js:444:34)","TypeError: Cannot read properties of null (reading 'resolve')\n    at resolve (C:\\Users\\onlyg\\Desktop\\tiendademo\\medusa-app\\tiendademo-medusa\\src\\scripts\\tienda-seed.ts:19:28)\n    at Object.<anonymous> (C:\\Users\\onlyg\\Desktop\\tiendademo\\medusa-app\\tiendademo-medusa\\integration-tests\\http\\tienda-orders.spec.ts:28:33)\n    at Promise.then.completed (C:\\Users\\onlyg\\Desktop\\tiendademo\\medusa-app\\tiendademo-medusa\\node_modules\\jest-circus\\build\\utils.js:298:28)\n    at new Promise (<anonymous>)\n    at callAsyncCircusFn (C:\\Users\\onlyg\\Desktop\\tiendademo\\medusa-app\\tiendademo-medusa\\node_modules\\jest-circus\\build\\utils.js:231:10)\n    at _callCircusHook (C:\\Users\\onlyg\\Desktop\\tiendademo\\medusa-app\\tiendademo-medusa\\node_modules\\jest-circus\\build\\run.js:281:40)\n    at processTicksAndRejections (node:internal/process/task_queues:105:5)\n    at _runTestsForDescribeBlock (C:\\Users\\onlyg\\Desktop\\tiendademo\\medusa-app\\tiendademo-medusa\\node_modules\\jest-circus\\build\\run.js:95:7)\n    at _runTestsForDescribeBlock (C:\\Users\\onlyg\\Desktop\\tiendademo\\medusa-app\\tiendademo-medusa\\node_modules\\jest-circus\\build\\run.js:121:9)\n    at _runTestsForDescribeBlock (C:\\Users\\onlyg\\Desktop\\tiendademo\\medusa-app\\tiendademo-medusa\\node_modules\\jest-circus\\build\\run.js:121:9)\n    at run (C:\\Users\\onlyg\\Desktop\\tiendademo\\medusa-app\\tiendademo-medusa\\node_modules\\jest-circus\\build\\run.js:71:3)\n    at runAndTransformResultsToJestFormat (C:\\Users\\onlyg\\Desktop\\tiendademo\\medusa-app\\tiendademo-medusa\\node_modules\\jest-circus\\build\\legacy-code-todo-rewrite\\jestAdapterInit.js:122:21)\n    at jestAdapter (C:\\Users\\onlyg\\Desktop\\tiendademo\\medusa-app\\tiendademo-medusa\\node_modules\\jest-circus\\build\\legacy-code-todo-rewrite\\jestAdapter.js:79:19)\n    at runTestInternal (C:\\Users\\onlyg\\Desktop\\tiendademo\\medusa-app\\tiendademo-medusa\\node_modules\\jest-runner\\build\\runTest.js:367:16)\n    at runTest (C:\\Users\\onlyg\\Desktop\\tiendademo\\medusa-app\\tiendademo-medusa\\node_modules\\jest-runner\\build\\runTest.js:444:34)","TypeError: Cannot read properties of null (reading 'resolve')\n    at waitWorkflowExecutions (C:\\Users\\onlyg\\Desktop\\tiendademo\\medusa-app\\tiendademo-medusa\\node_modules\\@medusajs\\test-utils\\src\\medusa-test-runner-utils\\wait-workflow-executions.ts:11:25)\n    at MedusaTestRunner.afterEach (C:\\Users\\onlyg\\Desktop\\tiendademo\\medusa-app\\tiendademo-medusa\\node_modules\\@medusajs\\test-utils\\src\\medusa-test-runner.ts:302:35)\n    at Object.<anonymous> (C:\\Users\\onlyg\\Desktop\\tiendademo\\medusa-app\\tiendademo-medusa\\node_modules\\@medusajs\\test-utils\\src\\medusa-test-runner.ts:385:20)\n    at Promise.then.completed (C:\\Users\\onlyg\\Desktop\\tiendademo\\medusa-app\\tiendademo-medusa\\node_modules\\jest-circus\\build\\utils.js:298:28)\n    at new Promise (<anonymous>)\n    at callAsyncCircusFn (C:\\Users\\onlyg\\Desktop\\tiendademo\\medusa-app\\tiendademo-medusa\\node_modules\\jest-circus\\build\\utils.js:231:10)\n    at _callCircusHook (C:\\Users\\onlyg\\Desktop\\tiendademo\\medusa-app\\tiendademo-medusa\\node_modules\\jest-circus\\build\\run.js:281:40)\n    at processTicksAndRejections (node:internal/process/task_queues:105:5)\n    at _runTest (C:\\Users\\onlyg\\Desktop\\tiendademo\\medusa-app\\tiendademo-medusa\\node_modules\\jest-circus\\build\\run.js:254:5)\n    at _runTestsForDescribeBlock (C:\\Users\\onlyg\\Desktop\\tiendademo\\medusa-app\\tiendademo-medusa\\node_modules\\jest-circus\\build\\run.js:126:9)\n    at _runTestsForDescribeBlock (C:\\Users\\onlyg\\Desktop\\tiendademo\\medusa-app\\tiendademo-medusa\\node_modules\\jest-circus\\build\\run.js:121:9)\n    at _runTestsForDescribeBlock (C:\\Users\\onlyg\\Desktop\\tiendademo\\medusa-app\\tiendademo-medusa\\node_modules\\jest-circus\\build\\run.js:121:9)\n    at run (C:\\Users\\onlyg\\Desktop\\tiendademo\\medusa-app\\tiendademo-medusa\\node_modules\\jest-circus\\build\\run.js:71:3)\n    at runAndTransformResultsToJestFormat (C:\\Users\\onlyg\\Desktop\\tiendademo\\medusa-app\\tiendademo-medusa\\node_modules\\jest-circus\\build\\legacy-code-todo-rewrite\\jestAdapterInit.js:122:21)\n    at jestAdapter (C:\\Users\\onlyg\\Desktop\\tiendademo\\medusa-app\\tiendademo-medusa\\node_modules\\jest-circus\\build\\legacy-code-todo-rewrite\\jestAdapter.js:79:19)\n    at runTestInternal (C:\\Users\\onlyg\\Desktop\\tiendademo\\medusa-app\\tiendademo-medusa\\node_modules\\jest-runner\\build\\runTest.js:367:16)\n    at runTest (C:\\Users\\onlyg\\Desktop\\tiendademo\\medusa-app\\tiendademo-medusa\\node_modules\\jest-runner\\build\\runTest.js:444:34)"],"fullName":" POST /store/orders - Flujo Completo de Orden Orden rechazada cuando no se proporcionan items","invocations":1,"location":null,"numPassingAsserts":0,"retryReasons":[],"status":"failed","title":"Orden rechazada cuando no se proporcionan items"},{"ancestorTitles":["","POST /store/inventory/validate - Validación de Inventario API"],"duration":3,"failureDetails":[{"code":"ERR_VM_DYNAMIC_IMPORT_CALLBACK_MISSING_FLAG"},{}],"failureMessages":["TypeError: A dynamic import callback was invoked without --experimental-vm-modules\n    at importModuleDynamicallyCallback (node:internal/modules/esm/utils:271:11)\n    at configLoaderOverride (C:\\Users\\onlyg\\Desktop\\tiendademo\\medusa-app\\tiendademo-medusa\\node_modules\\@medusajs\\test-utils\\src\\medusa-test-runner-utils\\config.ts:11:29)\n    at MedusaTestRunner.beforeAll (C:\\Users\\onlyg\\Desktop\\tiendademo\\medusa-app\\tiendademo-medusa\\node_modules\\@medusajs\\test-utils\\src\\medusa-test-runner.ts:263:33)\n    at Object.<anonymous> (C:\\Users\\onlyg\\Desktop\\tiendademo\\medusa-app\\tiendademo-medusa\\node_modules\\@medusajs\\test-utils\\src\\medusa-test-runner.ts:376:20)\n    at Promise.then.completed (C:\\Users\\onlyg\\Desktop\\tiendademo\\medusa-app\\tiendademo-medusa\\node_modules\\jest-circus\\build\\utils.js:298:28)\n    at new Promise (<anonymous>)\n    at callAsyncCircusFn (C:\\Users\\onlyg\\Desktop\\tiendademo\\medusa-app\\tiendademo-medusa\\node_modules\\jest-circus\\build\\utils.js:231:10)\n    at _callCircusHook (C:\\Users\\onlyg\\Desktop\\tiendademo\\medusa-app\\tiendademo-medusa\\node_modules\\jest-circus\\build\\run.js:281:40)\n    at _runTestsForDescribeBlock (C:\\Users\\onlyg\\Desktop\\tiendademo\\medusa-app\\tiendademo-medusa\\node_modules\\jest-circus\\build\\run.js:95:7)\n    at _runTestsForDescribeBlock (C:\\Users\\onlyg\\Desktop\\tiendademo\\medusa-app\\tiendademo-medusa\\node_modules\\jest-circus\\build\\run.js:121:9)\n    at run (C:\\Users\\onlyg\\Desktop\\tiendademo\\medusa-app\\tiendademo-medusa\\node_modules\\jest-circus\\build\\run.js:71:3)\n    at runAndTransformResultsToJestFormat (C:\\Users\\onlyg\\Desktop\\tiendademo\\medusa-app\\tiendademo-medusa\\node_modules\\jest-circus\\build\\legacy-code-todo-rewrite\\jestAdapterInit.js:122:21)\n    at jestAdapter (C:\\Users\\onlyg\\Desktop\\tiendademo\\medusa-app\\tiendademo-medusa\\node_modules\\jest-circus\\build\\legacy-code-todo-rewrite\\jestAdapter.js:79:19)\n    at runTestInternal (C:\\Users\\onlyg\\Desktop\\tiendademo\\medusa-app\\tiendademo-medusa\\node_modules\\jest-runner\\build\\runTest.js:367:16)\n    at runTest (C:\\Users\\onlyg\\Desktop\\tiendademo\\medusa-app\\tiendademo-medusa\\node_modules\\jest-runner\\build\\runTest.js:444:34)","TypeError: Cannot read properties of null (reading 'resolve')\n    at waitWorkflowExecutions (C:\\Users\\onlyg\\Desktop\\tiendademo\\medusa-app\\tiendademo-medusa\\node_modules\\@medusajs\\test-utils\\src\\medusa-test-runner-utils\\wait-workflow-executions.ts:11:25)\n    at MedusaTestRunner.afterEach (C:\\Users\\onlyg\\Desktop\\tiendademo\\medusa-app\\tiendademo-medusa\\node_modules\\@medusajs\\test-utils\\src\\medusa-test-runner.ts:302:35)\n    at Object.<anonymous> (C:\\Users\\onlyg\\Desktop\\tiendademo\\medusa-app\\tiendademo-medusa\\node_modules\\@medusajs\\test-utils\\src\\medusa-test-runner.ts:385:20)\n    at Promise.then.completed (C:\\Users\\onlyg\\Desktop\\tiendademo\\medusa-app\\tiendademo-medusa\\node_modules\\jest-circus\\build\\utils.js:298:28)\n    at new Promise (<anonymous>)\n    at callAsyncCircusFn (C:\\Users\\onlyg\\Desktop\\tiendademo\\medusa-app\\tiendademo-medusa\\node_modules\\jest-circus\\build\\utils.js:231:10)\n    at _callCircusHook (C:\\Users\\onlyg\\Desktop\\tiendademo\\medusa-app\\tiendademo-medusa\\node_modules\\jest-circus\\build\\run.js:281:40)\n    at processTicksAndRejections (node:internal/process/task_queues:105:5)\n    at _runTest (C:\\Users\\onlyg\\Desktop\\tiendademo\\medusa-app\\tiendademo-medusa\\node_modules\\jest-circus\\build\\run.js:254:5)\n    at _runTestsForDescribeBlock (C:\\Users\\onlyg\\Desktop\\tiendademo\\medusa-app\\tiendademo-medusa\\node_modules\\jest-circus\\build\\run.js:126:9)\n    at _runTestsForDescribeBlock (C:\\Users\\onlyg\\Desktop\\tiendademo\\medusa-app\\tiendademo-medusa\\node_modules\\jest-circus\\build\\run.js:121:9)\n    at _runTestsForDescribeBlock (C:\\Users\\onlyg\\Desktop\\tiendademo\\medusa-app\\tiendademo-medusa\\node_modules\\jest-circus\\build\\run.js:121:9)\n    at run (C:\\Users\\onlyg\\Desktop\\tiendademo\\medusa-app\\tiendademo-medusa\\node_modules\\jest-circus\\build\\run.js:71:3)\n    at runAndTransformResultsToJestFormat (C:\\Users\\onlyg\\Desktop\\tiendademo\\medusa-app\\tiendademo-medusa\\node_modules\\jest-circus\\build\\legacy-code-todo-rewrite\\jestAdapterInit.js:122:21)\n    at jestAdapter (C:\\Users\\onlyg\\Desktop\\tiendademo\\medusa-app\\tiendademo-medusa\\node_modules\\jest-circus\\build\\legacy-code-todo-rewrite\\jestAdapter.js:79:19)\n    at runTestInternal (C:\\Users\\onlyg\\Desktop\\tiendademo\\medusa-app\\tiendademo-medusa\\node_modules\\jest-runner\\build\\runTest.js:367:16)\n    at runTest (C:\\Users\\onlyg\\Desktop\\tiendademo\\medusa-app\\tiendademo-medusa\\node_modules\\jest-runner\\build\\runTest.js:444:34)"],"fullName":" POST /store/inventory/validate - Validación de Inventario API Valida inventario exitosamente via API","invocations":1,"location":null,"numPassingAsserts":0,"retryReasons":[],"status":"failed","title":"Valida inventario exitosamente via API"},{"ancestorTitles":["","POST /store/inventory/validate - Validación de Inventario API"],"duration":2,"failureDetails":[{"code":"ERR_VM_DYNAMIC_IMPORT_CALLBACK_MISSING_FLAG"},{}],"failureMessages":["TypeError: A dynamic import callback was invoked without --experimental-vm-modules\n    at importModuleDynamicallyCallback (node:internal/modules/esm/utils:271:11)\n    at configLoaderOverride (C:\\Users\\onlyg\\Desktop\\tiendademo\\medusa-app\\tiendademo-medusa\\node_modules\\@medusajs\\test-utils\\src\\medusa-test-runner-utils\\config.ts:11:29)\n    at MedusaTestRunner.beforeAll (C:\\Users\\onlyg\\Desktop\\tiendademo\\medusa-app\\tiendademo-medusa\\node_modules\\@medusajs\\test-utils\\src\\medusa-test-runner.ts:263:33)\n    at Object.<anonymous> (C:\\Users\\onlyg\\Desktop\\tiendademo\\medusa-app\\tiendademo-medusa\\node_modules\\@medusajs\\test-utils\\src\\medusa-test-runner.ts:376:20)\n    at Promise.then.completed (C:\\Users\\onlyg\\Desktop\\tiendademo\\medusa-app\\tiendademo-medusa\\node_modules\\jest-circus\\build\\utils.js:298:28)\n    at new Promise (<anonymous>)\n    at callAsyncCircusFn (C:\\Users\\onlyg\\Desktop\\tiendademo\\medusa-app\\tiendademo-medusa\\node_modules\\jest-circus\\build\\utils.js:231:10)\n    at _callCircusHook (C:\\Users\\onlyg\\Desktop\\tiendademo\\medusa-app\\tiendademo-medusa\\node_modules\\jest-circus\\build\\run.js:281:40)\n    at _runTestsForDescribeBlock (C:\\Users\\onlyg\\Desktop\\tiendademo\\medusa-app\\tiendademo-medusa\\node_modules\\jest-circus\\build\\run.js:95:7)\n    at _runTestsForDescribeBlock (C:\\Users\\onlyg\\Desktop\\tiendademo\\medusa-app\\tiendademo-medusa\\node_modules\\jest-circus\\build\\run.js:121:9)\n    at run (C:\\Users\\onlyg\\Desktop\\tiendademo\\medusa-app\\tiendademo-medusa\\node_modules\\jest-circus\\build\\run.js:71:3)\n    at runAndTransformResultsToJestFormat (C:\\Users\\onlyg\\Desktop\\tiendademo\\medusa-app\\tiendademo-medusa\\node_modules\\jest-circus\\build\\legacy-code-todo-rewrite\\jestAdapterInit.js:122:21)\n    at jestAdapter (C:\\Users\\onlyg\\Desktop\\tiendademo\\medusa-app\\tiendademo-medusa\\node_modules\\jest-circus\\build\\legacy-code-todo-rewrite\\jestAdapter.js:79:19)\n    at runTestInternal (C:\\Users\\onlyg\\Desktop\\tiendademo\\medusa-app\\tiendademo-medusa\\node_modules\\jest-runner\\build\\runTest.js:367:16)\n    at runTest (C:\\Users\\onlyg\\Desktop\\tiendademo\\medusa-app\\tiendademo-medusa\\node_modules\\jest-runner\\build\\runTest.js:444:34)","TypeError: Cannot read properties of null (reading 'resolve')\n    at waitWorkflowExecutions (C:\\Users\\onlyg\\Desktop\\tiendademo\\medusa-app\\tiendademo-medusa\\node_modules\\@medusajs\\test-utils\\src\\medusa-test-runner-utils\\wait-workflow-executions.ts:11:25)\n    at MedusaTestRunner.afterEach (C:\\Users\\onlyg\\Desktop\\tiendademo\\medusa-app\\tiendademo-medusa\\node_modules\\@medusajs\\test-utils\\src\\medusa-test-runner.ts:302:35)\n    at Object.<anonymous> (C:\\Users\\onlyg\\Desktop\\tiendademo\\medusa-app\\tiendademo-medusa\\node_modules\\@medusajs\\test-utils\\src\\medusa-test-runner.ts:385:20)\n    at Promise.then.completed (C:\\Users\\onlyg\\Desktop\\tiendademo\\medusa-app\\tiendademo-medusa\\node_modules\\jest-circus\\build\\utils.js:298:28)\n    at new Promise (<anonymous>)\n    at callAsyncCircusFn (C:\\Users\\onlyg\\Desktop\\tiendademo\\medusa-app\\tiendademo-medusa\\node_modules\\jest-circus\\build\\utils.js:231:10)\n    at _callCircusHook (C:\\Users\\onlyg\\Desktop\\tiendademo\\medusa-app\\tiendademo-medusa\\node_modules\\jest-circus\\build\\run.js:281:40)\n    at processTicksAndRejections (node:internal/process/task_queues:105:5)\n    at _runTest (C:\\Users\\onlyg\\Desktop\\tiendademo\\medusa-app\\tiendademo-medusa\\node_modules\\jest-circus\\build\\run.js:254:5)\n    at _runTestsForDescribeBlock (C:\\Users\\onlyg\\Desktop\\tiendademo\\medusa-app\\tiendademo-medusa\\node_modules\\jest-circus\\build\\run.js:126:9)\n    at _runTestsForDescribeBlock (C:\\Users\\onlyg\\Desktop\\tiendademo\\medusa-app\\tiendademo-medusa\\node_modules\\jest-circus\\build\\run.js:121:9)\n    at _runTestsForDescribeBlock (C:\\Users\\onlyg\\Desktop\\tiendademo\\medusa-app\\tiendademo-medusa\\node_modules\\jest-circus\\build\\run.js:121:9)\n    at run (C:\\Users\\onlyg\\Desktop\\tiendademo\\medusa-app\\tiendademo-medusa\\node_modules\\jest-circus\\build\\run.js:71:3)\n    at runAndTransformResultsToJestFormat (C:\\Users\\onlyg\\Desktop\\tiendademo\\medusa-app\\tiendademo-medusa\\node_modules\\jest-circus\\build\\legacy-code-todo-rewrite\\jestAdapterInit.js:122:21)\n    at jestAdapter (C:\\Users\\onlyg\\Desktop\\tiendademo\\medusa-app\\tiendademo-medusa\\node_modules\\jest-circus\\build\\legacy-code-todo-rewrite\\jestAdapter.js:79:19)\n    at runTestInternal (C:\\Users\\onlyg\\Desktop\\tiendademo\\medusa-app\\tiendademo-medusa\\node_modules\\jest-runner\\build\\runTest.js:367:16)\n    at runTest (C:\\Users\\onlyg\\Desktop\\tiendademo\\medusa-app\\tiendademo-medusa\\node_modules\\jest-runner\\build\\runTest.js:444:34)"],"fullName":" POST /store/inventory/validate - Validación de Inventario API Rechaza request sin items","invocations":1,"location":null,"numPassingAsserts":0,"retryReasons":[],"status":"failed","title":"Rechaza request sin items"},{"ancestorTitles":["","POST /store/discounts/calculate - Cálculo de Descuento API"],"duration":3,"failureDetails":[{"code":"ERR_VM_DYNAMIC_IMPORT_CALLBACK_MISSING_FLAG"},{}],"failureMessages":["TypeError: A dynamic import callback was invoked without --experimental-vm-modules\n    at importModuleDynamicallyCallback (node:internal/modules/esm/utils:271:11)\n    at configLoaderOverride (C:\\Users\\onlyg\\Desktop\\tiendademo\\medusa-app\\tiendademo-medusa\\node_modules\\@medusajs\\test-utils\\src\\medusa-test-runner-utils\\config.ts:11:29)\n    at MedusaTestRunner.beforeAll (C:\\Users\\onlyg\\Desktop\\tiendademo\\medusa-app\\tiendademo-medusa\\node_modules\\@medusajs\\test-utils\\src\\medusa-test-runner.ts:263:33)\n    at Object.<anonymous> (C:\\Users\\onlyg\\Desktop\\tiendademo\\medusa-app\\tiendademo-medusa\\node_modules\\@medusajs\\test-utils\\src\\medusa-test-runner.ts:376:20)\n    at Promise.then.completed (C:\\Users\\onlyg\\Desktop\\tiendademo\\medusa-app\\tiendademo-medusa\\node_modules\\jest-circus\\build\\utils.js:298:28)\n    at new Promise (<anonymous>)\n    at callAsyncCircusFn (C:\\Users\\onlyg\\Desktop\\tiendademo\\medusa-app\\tiendademo-medusa\\node_modules\\jest-circus\\build\\utils.js:231:10)\n    at _callCircusHook (C:\\Users\\onlyg\\Desktop\\tiendademo\\medusa-app\\tiendademo-medusa\\node_modules\\jest-circus\\build\\run.js:281:40)\n    at _runTestsForDescribeBlock (C:\\Users\\onlyg\\Desktop\\tiendademo\\medusa-app\\tiendademo-medusa\\node_modules\\jest-circus\\build\\run.js:95:7)\n    at _runTestsForDescribeBlock (C:\\Users\\onlyg\\Desktop\\tiendademo\\medusa-app\\tiendademo-medusa\\node_modules\\jest-circus\\build\\run.js:121:9)\n    at run (C:\\Users\\onlyg\\Desktop\\tiendademo\\medusa-app\\tiendademo-medusa\\node_modules\\jest-circus\\build\\run.js:71:3)\n    at runAndTransformResultsToJestFormat (C:\\Users\\onlyg\\Desktop\\tiendademo\\medusa-app\\tiendademo-medusa\\node_modules\\jest-circus\\build\\legacy-code-todo-rewrite\\jestAdapterInit.js:122:21)\n    at jestAdapter (C:\\Users\\onlyg\\Desktop\\tiendademo\\medusa-app\\tiendademo-medusa\\node_modules\\jest-circus\\build\\legacy-code-todo-rewrite\\jestAdapter.js:79:19)\n    at runTestInternal (C:\\Users\\onlyg\\Desktop\\tiendademo\\medusa-app\\tiendademo-medusa\\node_modules\\jest-runner\\build\\runTest.js:367:16)\n    at runTest (C:\\Users\\onlyg\\Desktop\\tiendademo\\medusa-app\\tiendademo-medusa\\node_modules\\jest-runner\\build\\runTest.js:444:34)","TypeError: Cannot read properties of null (reading 'resolve')\n    at waitWorkflowExecutions (C:\\Users\\onlyg\\Desktop\\tiendademo\\medusa-app\\tiendademo-medusa\\node_modules\\@medusajs\\test-utils\\src\\medusa-test-runner-utils\\wait-workflow-executions.ts:11:25)\n    at MedusaTestRunner.afterEach (C:\\Users\\onlyg\\Desktop\\tiendademo\\medusa-app\\tiendademo-medusa\\node_modules\\@medusajs\\test-utils\\src\\medusa-test-runner.ts:302:35)\n    at Object.<anonymous> (C:\\Users\\onlyg\\Desktop\\tiendademo\\medusa-app\\tiendademo-medusa\\node_modules\\@medusajs\\test-utils\\src\\medusa-test-runner.ts:385:20)\n    at Promise.then.completed (C:\\Users\\onlyg\\Desktop\\tiendademo\\medusa-app\\tiendademo-medusa\\node_modules\\jest-circus\\build\\utils.js:298:28)\n    at new Promise (<anonymous>)\n    at callAsyncCircusFn (C:\\Users\\onlyg\\Desktop\\tiendademo\\medusa-app\\tiendademo-medusa\\node_modules\\jest-circus\\build\\utils.js:231:10)\n    at _callCircusHook (C:\\Users\\onlyg\\Desktop\\tiendademo\\medusa-app\\tiendademo-medusa\\node_modules\\jest-circus\\build\\run.js:281:40)\n    at processTicksAndRejections (node:internal/process/task_queues:105:5)\n    at _runTest (C:\\Users\\onlyg\\Desktop\\tiendademo\\medusa-app\\tiendademo-medusa\\node_modules\\jest-circus\\build\\run.js:254:5)\n    at _runTestsForDescribeBlock (C:\\Users\\onlyg\\Desktop\\tiendademo\\medusa-app\\tiendademo-medusa\\node_modules\\jest-circus\\build\\run.js:126:9)\n    at _runTestsForDescribeBlock (C:\\Users\\onlyg\\Desktop\\tiendademo\\medusa-app\\tiendademo-medusa\\node_modules\\jest-circus\\build\\run.js:121:9)\n    at _runTestsForDescribeBlock (C:\\Users\\onlyg\\Desktop\\tiendademo\\medusa-app\\tiendademo-medusa\\node_modules\\jest-circus\\build\\run.js:121:9)\n    at run (C:\\Users\\onlyg\\Desktop\\tiendademo\\medusa-app\\tiendademo-medusa\\node_modules\\jest-circus\\build\\run.js:71:3)\n    at runAndTransformResultsToJestFormat (C:\\Users\\onlyg\\Desktop\\tiendademo\\medusa-app\\tiendademo-medusa\\node_modules\\jest-circus\\build\\legacy-code-todo-rewrite\\jestAdapterInit.js:122:21)\n    at jestAdapter (C:\\Users\\onlyg\\Desktop\\tiendademo\\medusa-app\\tiendademo-medusa\\node_modules\\jest-circus\\build\\legacy-code-todo-rewrite\\jestAdapter.js:79:19)\n    at runTestInternal (C:\\Users\\onlyg\\Desktop\\tiendademo\\medusa-app\\tiendademo-medusa\\node_modules\\jest-runner\\build\\runTest.js:367:16)\n    at runTest (C:\\Users\\onlyg\\Desktop\\tiendademo\\medusa-app\\tiendademo-medusa\\node_modules\\jest-runner\\build\\runTest.js:444:34)"],"fullName":" POST /store/discounts/calculate - Cálculo de Descuento API Calcula descuento automático via API","invocations":1,"location":null,"numPassingAsserts":0,"retryReasons":[],"status":"failed","title":"Calcula descuento automático via API"},{"ancestorTitles":["","POST /store/discounts/calculate - Cálculo de Descuento API"],"duration":2,"failureDetails":[{"code":"ERR_VM_DYNAMIC_IMPORT_CALLBACK_MISSING_FLAG"},{}],"failureMessages":["TypeError: A dynamic import callback was invoked without --experimental-vm-modules\n    at importModuleDynamicallyCallback (node:internal/modules/esm/utils:271:11)\n    at configLoaderOverride (C:\\Users\\onlyg\\Desktop\\tiendademo\\medusa-app\\tiendademo-medusa\\node_modules\\@medusajs\\test-utils\\src\\medusa-test-runner-utils\\config.ts:11:29)\n    at MedusaTestRunner.beforeAll (C:\\Users\\onlyg\\Desktop\\tiendademo\\medusa-app\\tiendademo-medusa\\node_modules\\@medusajs\\test-utils\\src\\medusa-test-runner.ts:263:33)\n    at Object.<anonymous> (C:\\Users\\onlyg\\Desktop\\tiendademo\\medusa-app\\tiendademo-medusa\\node_modules\\@medusajs\\test-utils\\src\\medusa-test-runner.ts:376:20)\n    at Promise.then.completed (C:\\Users\\onlyg\\Desktop\\tiendademo\\medusa-app\\tiendademo-medusa\\node_modules\\jest-circus\\build\\utils.js:298:28)\n    at new Promise (<anonymous>)\n    at callAsyncCircusFn (C:\\Users\\onlyg\\Desktop\\tiendademo\\medusa-app\\tiendademo-medusa\\node_modules\\jest-circus\\build\\utils.js:231:10)\n    at _callCircusHook (C:\\Users\\onlyg\\Desktop\\tiendademo\\medusa-app\\tiendademo-medusa\\node_modules\\jest-circus\\build\\run.js:281:40)\n    at _runTestsForDescribeBlock (C:\\Users\\onlyg\\Desktop\\tiendademo\\medusa-app\\tiendademo-medusa\\node_modules\\jest-circus\\build\\run.js:95:7)\n    at _runTestsForDescribeBlock (C:\\Users\\onlyg\\Desktop\\tiendademo\\medusa-app\\tiendademo-medusa\\node_modules\\jest-circus\\build\\run.js:121:9)\n    at run (C:\\Users\\onlyg\\Desktop\\tiendademo\\medusa-app\\tiendademo-medusa\\node_modules\\jest-circus\\build\\run.js:71:3)\n    at runAndTransformResultsToJestFormat (C:\\Users\\onlyg\\Desktop\\tiendademo\\medusa-app\\tiendademo-medusa\\node_modules\\jest-circus\\build\\legacy-code-todo-rewrite\\jestAdapterInit.js:122:21)\n    at jestAdapter (C:\\Users\\onlyg\\Desktop\\tiendademo\\medusa-app\\tiendademo-medusa\\node_modules\\jest-circus\\build\\legacy-code-todo-rewrite\\jestAdapter.js:79:19)\n    at runTestInternal (C:\\Users\\onlyg\\Desktop\\tiendademo\\medusa-app\\tiendademo-medusa\\node_modules\\jest-runner\\build\\runTest.js:367:16)\n    at runTest (C:\\Users\\onlyg\\Desktop\\tiendademo\\medusa-app\\tiendademo-medusa\\node_modules\\jest-runner\\build\\runTest.js:444:34)","TypeError: Cannot read properties of null (reading 'resolve')\n    at waitWorkflowExecutions (C:\\Users\\onlyg\\Desktop\\tiendademo\\medusa-app\\tiendademo-medusa\\node_modules\\@medusajs\\test-utils\\src\\medusa-test-runner-utils\\wait-workflow-executions.ts:11:25)\n    at MedusaTestRunner.afterEach (C:\\Users\\onlyg\\Desktop\\tiendademo\\medusa-app\\tiendademo-medusa\\node_modules\\@medusajs\\test-utils\\src\\medusa-test-runner.ts:302:35)\n    at Object.<anonymous> (C:\\Users\\onlyg\\Desktop\\tiendademo\\medusa-app\\tiendademo-medusa\\node_modules\\@medusajs\\test-utils\\src\\medusa-test-runner.ts:385:20)\n    at Promise.then.completed (C:\\Users\\onlyg\\Desktop\\tiendademo\\medusa-app\\tiendademo-medusa\\node_modules\\jest-circus\\build\\utils.js:298:28)\n    at new Promise (<anonymous>)\n    at callAsyncCircusFn (C:\\Users\\onlyg\\Desktop\\tiendademo\\medusa-app\\tiendademo-medusa\\node_modules\\jest-circus\\build\\utils.js:231:10)\n    at _callCircusHook (C:\\Users\\onlyg\\Desktop\\tiendademo\\medusa-app\\tiendademo-medusa\\node_modules\\jest-circus\\build\\run.js:281:40)\n    at processTicksAndRejections (node:internal/process/task_queues:105:5)\n    at _runTest (C:\\Users\\onlyg\\Desktop\\tiendademo\\medusa-app\\tiendademo-medusa\\node_modules\\jest-circus\\build\\run.js:254:5)\n    at _runTestsForDescribeBlock (C:\\Users\\onlyg\\Desktop\\tiendademo\\medusa-app\\tiendademo-medusa\\node_modules\\jest-circus\\build\\run.js:126:9)\n    at _runTestsForDescribeBlock (C:\\Users\\onlyg\\Desktop\\tiendademo\\medusa-app\\tiendademo-medusa\\node_modules\\jest-circus\\build\\run.js:121:9)\n    at _runTestsForDescribeBlock (C:\\Users\\onlyg\\Desktop\\tiendademo\\medusa-app\\tiendademo-medusa\\node_modules\\jest-circus\\build\\run.js:121:9)\n    at run (C:\\Users\\onlyg\\Desktop\\tiendademo\\medusa-app\\tiendademo-medusa\\node_modules\\jest-circus\\build\\run.js:71:3)\n    at runAndTransformResultsToJestFormat (C:\\Users\\onlyg\\Desktop\\tiendademo\\medusa-app\\tiendademo-medusa\\node_modules\\jest-circus\\build\\legacy-code-todo-rewrite\\jestAdapterInit.js:122:21)\n    at jestAdapter (C:\\Users\\onlyg\\Desktop\\tiendademo\\medusa-app\\tiendademo-medusa\\node_modules\\jest-circus\\build\\legacy-code-todo-rewrite\\jestAdapter.js:79:19)\n    at runTestInternal (C:\\Users\\onlyg\\Desktop\\tiendademo\\medusa-app\\tiendademo-medusa\\node_modules\\jest-runner\\build\\runTest.js:367:16)\n    at runTest (C:\\Users\\onlyg\\Desktop\\tiendademo\\medusa-app\\tiendademo-medusa\\node_modules\\jest-runner\\build\\runTest.js:444:34)"],"fullName":" POST /store/discounts/calculate - Cálculo de Descuento API Rechaza subtotal negativo","invocations":1,"location":null,"numPassingAsserts":0,"retryReasons":[],"status":"failed","title":"Rechaza subtotal negativo"},{"ancestorTitles":["","POST /store/discounts/validate - Validación de Código Promo API"],"duration":3,"failureDetails":[{"code":"ERR_VM_DYNAMIC_IMPORT_CALLBACK_MISSING_FLAG"},{}],"failureMessages":["TypeError: A dynamic import callback was invoked without --experimental-vm-modules\n    at importModuleDynamicallyCallback (node:internal/modules/esm/utils:271:11)\n    at configLoaderOverride (C:\\Users\\onlyg\\Desktop\\tiendademo\\medusa-app\\tiendademo-medusa\\node_modules\\@medusajs\\test-utils\\src\\medusa-test-runner-utils\\config.ts:11:29)\n    at MedusaTestRunner.beforeAll (C:\\Users\\onlyg\\Desktop\\tiendademo\\medusa-app\\tiendademo-medusa\\node_modules\\@medusajs\\test-utils\\src\\medusa-test-runner.ts:263:33)\n    at Object.<anonymous> (C:\\Users\\onlyg\\Desktop\\tiendademo\\medusa-app\\tiendademo-medusa\\node_modules\\@medusajs\\test-utils\\src\\medusa-test-runner.ts:376:20)\n    at Promise.then.completed (C:\\Users\\onlyg\\Desktop\\tiendademo\\medusa-app\\tiendademo-medusa\\node_modules\\jest-circus\\build\\utils.js:298:28)\n    at new Promise (<anonymous>)\n    at callAsyncCircusFn (C:\\Users\\onlyg\\Desktop\\tiendademo\\medusa-app\\tiendademo-medusa\\node_modules\\jest-circus\\build\\utils.js:231:10)\n    at _callCircusHook (C:\\Users\\onlyg\\Desktop\\tiendademo\\medusa-app\\tiendademo-medusa\\node_modules\\jest-circus\\build\\run.js:281:40)\n    at _runTestsForDescribeBlock (C:\\Users\\onlyg\\Desktop\\tiendademo\\medusa-app\\tiendademo-medusa\\node_modules\\jest-circus\\build\\run.js:95:7)\n    at _runTestsForDescribeBlock (C:\\Users\\onlyg\\Desktop\\tiendademo\\medusa-app\\tiendademo-medusa\\node_modules\\jest-circus\\build\\run.js:121:9)\n    at run (C:\\Users\\onlyg\\Desktop\\tiendademo\\medusa-app\\tiendademo-medusa\\node_modules\\jest-circus\\build\\run.js:71:3)\n    at runAndTransformResultsToJestFormat (C:\\Users\\onlyg\\Desktop\\tiendademo\\medusa-app\\tiendademo-medusa\\node_modules\\jest-circus\\build\\legacy-code-todo-rewrite\\jestAdapterInit.js:122:21)\n    at jestAdapter (C:\\Users\\onlyg\\Desktop\\tiendademo\\medusa-app\\tiendademo-medusa\\node_modules\\jest-circus\\build\\legacy-code-todo-rewrite\\jestAdapter.js:79:19)\n    at runTestInternal (C:\\Users\\onlyg\\Desktop\\tiendademo\\medusa-app\\tiendademo-medusa\\node_modules\\jest-runner\\build\\runTest.js:367:16)\n    at runTest (C:\\Users\\onlyg\\Desktop\\tiendademo\\medusa-app\\tiendademo-medusa\\node_modules\\jest-runner\\build\\runTest.js:444:34)","TypeError: Cannot read properties of null (reading 'resolve')\n    at waitWorkflowExecutions (C:\\Users\\onlyg\\Desktop\\tiendademo\\medusa-app\\tiendademo-medusa\\node_modules\\@medusajs\\test-utils\\src\\medusa-test-runner-utils\\wait-workflow-executions.ts:11:25)\n    at MedusaTestRunner.afterEach (C:\\Users\\onlyg\\Desktop\\tiendademo\\medusa-app\\tiendademo-medusa\\node_modules\\@medusajs\\test-utils\\src\\medusa-test-runner.ts:302:35)\n    at Object.<anonymous> (C:\\Users\\onlyg\\Desktop\\tiendademo\\medusa-app\\tiendademo-medusa\\node_modules\\@medusajs\\test-utils\\src\\medusa-test-runner.ts:385:20)\n    at Promise.then.completed (C:\\Users\\onlyg\\Desktop\\tiendademo\\medusa-app\\tiendademo-medusa\\node_modules\\jest-circus\\build\\utils.js:298:28)\n    at new Promise (<anonymous>)\n    at callAsyncCircusFn (C:\\Users\\onlyg\\Desktop\\tiendademo\\medusa-app\\tiendademo-medusa\\node_modules\\jest-circus\\build\\utils.js:231:10)\n    at _callCircusHook (C:\\Users\\onlyg\\Desktop\\tiendademo\\medusa-app\\tiendademo-medusa\\node_modules\\jest-circus\\build\\run.js:281:40)\n    at processTicksAndRejections (node:internal/process/task_queues:105:5)\n    at _runTest (C:\\Users\\onlyg\\Desktop\\tiendademo\\medusa-app\\tiendademo-medusa\\node_modules\\jest-circus\\build\\run.js:254:5)\n    at _runTestsForDescribeBlock (C:\\Users\\onlyg\\Desktop\\tiendademo\\medusa-app\\tiendademo-medusa\\node_modules\\jest-circus\\build\\run.js:126:9)\n    at _runTestsForDescribeBlock (C:\\Users\\onlyg\\Desktop\\tiendademo\\medusa-app\\tiendademo-medusa\\node_modules\\jest-circus\\build\\run.js:121:9)\n    at _runTestsForDescribeBlock (C:\\Users\\onlyg\\Desktop\\tiendademo\\medusa-app\\tiendademo-medusa\\node_modules\\jest-circus\\build\\run.js:121:9)\n    at run (C:\\Users\\onlyg\\Desktop\\tiendademo\\medusa-app\\tiendademo-medusa\\node_modules\\jest-circus\\build\\run.js:71:3)\n    at runAndTransformResultsToJestFormat (C:\\Users\\onlyg\\Desktop\\tiendademo\\medusa-app\\tiendademo-medusa\\node_modules\\jest-circus\\build\\legacy-code-todo-rewrite\\jestAdapterInit.js:122:21)\n    at jestAdapter (C:\\Users\\onlyg\\Desktop\\tiendademo\\medusa-app\\tiendademo-medusa\\node_modules\\jest-circus\\build\\legacy-code-todo-rewrite\\jestAdapter.js:79:19)\n    at runTestInternal (C:\\Users\\onlyg\\Desktop\\tiendademo\\medusa-app\\tiendademo-medusa\\node_modules\\jest-runner\\build\\runTest.js:367:16)\n    at runTest (C:\\Users\\onlyg\\Desktop\\tiendademo\\medusa-app\\tiendademo-medusa\\node_modules\\jest-runner\\build\\runTest.js:444:34)"],"fullName":" POST /store/discounts/validate - Validación de Código Promo API Rechaza request sin código","invocations":1,"location":null,"numPassingAsserts":0,"retryReasons":[],"status":"failed","title":"Rechaza request sin código"},{"ancestorTitles":["","POST /store/shipping/calculate - Cálculo de Envío API"],"duration":3,"failureDetails":[{"code":"ERR_VM_DYNAMIC_IMPORT_CALLBACK_MISSING_FLAG"},{}],"failureMessages":["TypeError: A dynamic import callback was invoked without --experimental-vm-modules\n    at importModuleDynamicallyCallback (node:internal/modules/esm/utils:271:11)\n    at configLoaderOverride (C:\\Users\\onlyg\\Desktop\\tiendademo\\medusa-app\\tiendademo-medusa\\node_modules\\@medusajs\\test-utils\\src\\medusa-test-runner-utils\\config.ts:11:29)\n    at MedusaTestRunner.beforeAll (C:\\Users\\onlyg\\Desktop\\tiendademo\\medusa-app\\tiendademo-medusa\\node_modules\\@medusajs\\test-utils\\src\\medusa-test-runner.ts:263:33)\n    at Object.<anonymous> (C:\\Users\\onlyg\\Desktop\\tiendademo\\medusa-app\\tiendademo-medusa\\node_modules\\@medusajs\\test-utils\\src\\medusa-test-runner.ts:376:20)\n    at Promise.then.completed (C:\\Users\\onlyg\\Desktop\\tiendademo\\medusa-app\\tiendademo-medusa\\node_modules\\jest-circus\\build\\utils.js:298:28)\n    at new Promise (<anonymous>)\n    at callAsyncCircusFn (C:\\Users\\onlyg\\Desktop\\tiendademo\\medusa-app\\tiendademo-medusa\\node_modules\\jest-circus\\build\\utils.js:231:10)\n    at _callCircusHook (C:\\Users\\onlyg\\Desktop\\tiendademo\\medusa-app\\tiendademo-medusa\\node_modules\\jest-circus\\build\\run.js:281:40)\n    at _runTestsForDescribeBlock (C:\\Users\\onlyg\\Desktop\\tiendademo\\medusa-app\\tiendademo-medusa\\node_modules\\jest-circus\\build\\run.js:95:7)\n    at _runTestsForDescribeBlock (C:\\Users\\onlyg\\Desktop\\tiendademo\\medusa-app\\tiendademo-medusa\\node_modules\\jest-circus\\build\\run.js:121:9)\n    at run (C:\\Users\\onlyg\\Desktop\\tiendademo\\medusa-app\\tiendademo-medusa\\node_modules\\jest-circus\\build\\run.js:71:3)\n    at runAndTransformResultsToJestFormat (C:\\Users\\onlyg\\Desktop\\tiendademo\\medusa-app\\tiendademo-medusa\\node_modules\\jest-circus\\build\\legacy-code-todo-rewrite\\jestAdapterInit.js:122:21)\n    at jestAdapter (C:\\Users\\onlyg\\Desktop\\tiendademo\\medusa-app\\tiendademo-medusa\\node_modules\\jest-circus\\build\\legacy-code-todo-rewrite\\jestAdapter.js:79:19)\n    at runTestInternal (C:\\Users\\onlyg\\Desktop\\tiendademo\\medusa-app\\tiendademo-medusa\\node_modules\\jest-runner\\build\\runTest.js:367:16)\n    at runTest (C:\\Users\\onlyg\\Desktop\\tiendademo\\medusa-app\\tiendademo-medusa\\node_modules\\jest-runner\\build\\runTest.js:444:34)","TypeError: Cannot read properties of null (reading 'resolve')\n    at waitWorkflowExecutions (C:\\Users\\onlyg\\Desktop\\tiendademo\\medusa-app\\tiendademo-medusa\\node_modules\\@medusajs\\test-utils\\src\\medusa-test-runner-utils\\wait-workflow-executions.ts:11:25)\n    at MedusaTestRunner.afterEach (C:\\Users\\onlyg\\Desktop\\tiendademo\\medusa-app\\tiendademo-medusa\\node_modules\\@medusajs\\test-utils\\src\\medusa-test-runner.ts:302:35)\n    at Object.<anonymous> (C:\\Users\\onlyg\\Desktop\\tiendademo\\medusa-app\\tiendademo-medusa\\node_modules\\@medusajs\\test-utils\\src\\medusa-test-runner.ts:385:20)\n    at Promise.then.completed (C:\\Users\\onlyg\\Desktop\\tiendademo\\medusa-app\\tiendademo-medusa\\node_modules\\jest-circus\\build\\utils.js:298:28)\n    at new Promise (<anonymous>)\n    at callAsyncCircusFn (C:\\Users\\onlyg\\Desktop\\tiendademo\\medusa-app\\tiendademo-medusa\\node_modules\\jest-circus\\build\\utils.js:231:10)\n    at _callCircusHook (C:\\Users\\onlyg\\Desktop\\tiendademo\\medusa-app\\tiendademo-medusa\\node_modules\\jest-circus\\build\\run.js:281:40)\n    at processTicksAndRejections (node:internal/process/task_queues:105:5)\n    at _runTest (C:\\Users\\onlyg\\Desktop\\tiendademo\\medusa-app\\tiendademo-medusa\\node_modules\\jest-circus\\build\\run.js:254:5)\n    at _runTestsForDescribeBlock (C:\\Users\\onlyg\\Desktop\\tiendademo\\medusa-app\\tiendademo-medusa\\node_modules\\jest-circus\\build\\run.js:126:9)\n    at _runTestsForDescribeBlock (C:\\Users\\onlyg\\Desktop\\tiendademo\\medusa-app\\tiendademo-medusa\\node_modules\\jest-circus\\build\\run.js:121:9)\n    at _runTestsForDescribeBlock (C:\\Users\\onlyg\\Desktop\\tiendademo\\medusa-app\\tiendademo-medusa\\node_modules\\jest-circus\\build\\run.js:121:9)\n    at run (C:\\Users\\onlyg\\Desktop\\tiendademo\\medusa-app\\tiendademo-medusa\\node_modules\\jest-circus\\build\\run.js:71:3)\n    at runAndTransformResultsToJestFormat (C:\\Users\\onlyg\\Desktop\\tiendademo\\medusa-app\\tiendademo-medusa\\node_modules\\jest-circus\\build\\legacy-code-todo-rewrite\\jestAdapterInit.js:122:21)\n    at jestAdapter (C:\\Users\\onlyg\\Desktop\\tiendademo\\medusa-app\\tiendademo-medusa\\node_modules\\jest-circus\\build\\legacy-code-todo-rewrite\\jestAdapter.js:79:19)\n    at runTestInternal (C:\\Users\\onlyg\\Desktop\\tiendademo\\medusa-app\\tiendademo-medusa\\node_modules\\jest-runner\\build\\runTest.js:367:16)\n    at runTest (C:\\Users\\onlyg\\Desktop\\tiendademo\\medusa-app\\tiendademo-medusa\\node_modules\\jest-runner\\build\\runTest.js:444:34)"],"fullName":" POST /store/shipping/calculate - Cálculo de Envío API Calcula envío por coordenadas","invocations":1,"location":null,"numPassingAsserts":0,"retryReasons":[],"status":"failed","title":"Calcula envío por coordenadas"}],"endTime":1780269999699,"message":"\u001b[1m\u001b[31m  \u001b[1m● \u001b[22m\u001b[1m › POST /store/orders - Flujo Completo de Orden › CP-E2E: Orden completa - inventario OK, descuento promo, envío express\u001b[39m\u001b[22m\n\n    TypeError: A dynamic import callback was invoked without --experimental-vm-modules\n\u001b[2m\u001b[22m\n\u001b[2m      \u001b[2mat configLoaderOverride (\u001b[22m\u001b[2mnode_modules/@medusajs/test-utils/src/medusa-test-runner-utils/config.ts\u001b[2m:11:29)\u001b[22m\u001b[2m\u001b[22m\n\u001b[2m      \u001b[2mat MedusaTestRunner.beforeAll (\u001b[22m\u001b[2mnode_modules/@medusajs/test-utils/src/medusa-test-runner.ts\u001b[2m:263:33)\u001b[22m\u001b[2m\u001b[22m\n\u001b[2m      \u001b[2mat Object.<anonymous> (\u001b[22m\u001b[2mnode_modules/@medusajs/test-utils/src/medusa-test-runner.ts\u001b[2m:376:20)\u001b[22m\u001b[2m\u001b[22m\n\n\u001b[1m\u001b[31m  \u001b[1m● \u001b[22m\u001b[1m › POST /store/orders - Flujo Completo de Orden › CP-E2E: Orden completa - inventario OK, descuento promo, envío express\u001b[39m\u001b[22m\n\n    TypeError: Cannot read properties of null (reading 'resolve')\n\u001b[2m\u001b[22m\n\u001b[2m    \u001b[0m \u001b[90m 17 |\u001b[39m \u001b[36mexport\u001b[39m \u001b[36mdefault\u001b[39m \u001b[36masync\u001b[39m \u001b[36mfunction\u001b[39m seedTiendaDemoData(args\u001b[33m:\u001b[39m any) {\u001b[22m\n\u001b[2m     \u001b[90m 18 |\u001b[39m   \u001b[36mconst\u001b[39m { container } \u001b[33m=\u001b[39m args \u001b[33m||\u001b[39m {}\u001b[33m;\u001b[39m\u001b[22m\n\u001b[2m    \u001b[31m\u001b[1m>\u001b[22m\u001b[2m\u001b[39m\u001b[90m 19 |\u001b[39m   \u001b[36mconst\u001b[39m logger \u001b[33m=\u001b[39m container\u001b[33m.\u001b[39mresolve(\u001b[33mContainerRegistrationKeys\u001b[39m\u001b[33m.\u001b[39m\u001b[33mLOGGER\u001b[39m)\u001b[22m\n\u001b[2m     \u001b[90m    |\u001b[39m                            \u001b[31m\u001b[1m^\u001b[22m\u001b[2m\u001b[39m\u001b[22m\n\u001b[2m     \u001b[90m 20 |\u001b[39m\u001b[22m\n\u001b[2m     \u001b[90m 21 |\u001b[39m   \u001b[90m// Resolver servicios de los módulos\u001b[39m\u001b[22m\n\u001b[2m     \u001b[90m 22 |\u001b[39m   \u001b[36mconst\u001b[39m inventoryModule \u001b[33m=\u001b[39m container\u001b[33m.\u001b[39mresolve(\u001b[33mTIENDA_INVENTORY_MODULE\u001b[39m)\u001b[0m\u001b[22m\n\u001b[2m\u001b[22m\n\u001b[2m      \u001b[2mat resolve (\u001b[22m\u001b[2msrc/scripts/tienda-seed.ts\u001b[2m:19:28)\u001b[22m\u001b[2m\u001b[22m\n\u001b[2m      \u001b[2mat Object.<anonymous> (\u001b[22m\u001b[2m\u001b[0m\u001b[36mintegration-tests/http/tienda-orders.spec.ts\u001b[39m\u001b[0m\u001b[2m:28:33)\u001b[22m\u001b[2m\u001b[22m\n\n\u001b[1m\u001b[31m  \u001b[1m● \u001b[22m\u001b[1m › POST /store/orders - Flujo Completo de Orden › CP-E2E: Orden completa - inventario OK, descuento promo, envío express\u001b[39m\u001b[22m\n\n    TypeError: Cannot read properties of null (reading 'resolve')\n\u001b[2m\u001b[22m\n\u001b[2m      \u001b[2mat waitWorkflowExecutions (\u001b[22m\u001b[2mnode_modules/@medusajs/test-utils/src/medusa-test-runner-utils/wait-workflow-executions.ts\u001b[2m:11:25)\u001b[22m\u001b[2m\u001b[22m\n\u001b[2m      \u001b[2mat MedusaTestRunner.afterEach (\u001b[22m\u001b[2mnode_modules/@medusajs/test-utils/src/medusa-test-runner.ts\u001b[2m:302:35)\u001b[22m\u001b[2m\u001b[22m\n\u001b[2m      \u001b[2mat Object.<anonymous> (\u001b[22m\u001b[2mnode_modules/@medusajs/test-utils/src/medusa-test-runner.ts\u001b[2m:385:20)\u001b[22m\u001b[2m\u001b[22m\n\n\u001b[1m\u001b[31m  \u001b[1m● \u001b[22m\u001b[1m › POST /store/orders - Flujo Completo de Orden › Orden rechazada cuando inventario es insuficiente\u001b[39m\u001b[22m\n\n    TypeError: A dynamic import callback was invoked without --experimental-vm-modules\n\u001b[2m\u001b[22m\n\u001b[2m      \u001b[2mat configLoaderOverride (\u001b[22m\u001b[2mnode_modules/@medusajs/test-utils/src/medusa-test-runner-utils/config.ts\u001b[2m:11:29)\u001b[22m\u001b[2m\u001b[22m\n\u001b[2m      \u001b[2mat MedusaTestRunner.beforeAll (\u001b[22m\u001b[2mnode_modules/@medusajs/test-utils/src/medusa-test-runner.ts\u001b[2m:263:33)\u001b[22m\u001b[2m\u001b[22m\n\u001b[2m      \u001b[2mat Object.<anonymous> (\u001b[22m\u001b[2mnode_modules/@medusajs/test-utils/src/medusa-test-runner.ts\u001b[2m:376:20)\u001b[22m\u001b[2m\u001b[22m\n\n\u001b[1m\u001b[31m  \u001b[1m● \u001b[22m\u001b[1m › POST /store/orders - Flujo Completo de Orden › Orden rechazada cuando inventario es insuficiente\u001b[39m\u001b[22m\n\n    TypeError: Cannot read properties of null (reading 'resolve')\n\u001b[2m\u001b[22m\n\u001b[2m    \u001b[0m \u001b[90m 17 |\u001b[39m \u001b[36mexport\u001b[39m \u001b[36mdefault\u001b[39m \u001b[36masync\u001b[39m \u001b[36mfunction\u001b[39m seedTiendaDemoData(args\u001b[33m:\u001b[39m any) {\u001b[22m\n\u001b[2m     \u001b[90m 18 |\u001b[39m   \u001b[36mconst\u001b[39m { container } \u001b[33m=\u001b[39m args \u001b[33m||\u001b[39m {}\u001b[33m;\u001b[39m\u001b[22m\n\u001b[2m    \u001b[31m\u001b[1m>\u001b[22m\u001b[2m\u001b[39m\u001b[90m 19 |\u001b[39m   \u001b[36mconst\u001b[39m logger \u001b[33m=\u001b[39m container\u001b[33m.\u001b[39mresolve(\u001b[33mContainerRegistrationKeys\u001b[39m\u001b[33m.\u001b[39m\u001b[33mLOGGER\u001b[39m)\u001b[22m\n\u001b[2m     \u001b[90m    |\u001b[39m                            \u001b[31m\u001b[1m^\u001b[22m\u001b[2m\u001b[39m\u001b[22m\n\u001b[2m     \u001b[90m 20 |\u001b[39m\u001b[22m\n\u001b[2m     \u001b[90m 21 |\u001b[39m   \u001b[90m// Resolver servicios de los módulos\u001b[39m\u001b[22m\n\u001b[2m     \u001b[90m 22 |\u001b[39m   \u001b[36mconst\u001b[39m inventoryModule \u001b[33m=\u001b[39m container\u001b[33m.\u001b[39mresolve(\u001b[33mTIENDA_INVENTORY_MODULE\u001b[39m)\u001b[0m\u001b[22m\n\u001b[2m\u001b[22m\n\u001b[2m      \u001b[2mat resolve (\u001b[22m\u001b[2msrc/scripts/tienda-seed.ts\u001b[2m:19:28)\u001b[22m\u001b[2m\u001b[22m\n\u001b[2m      \u001b[2mat Object.<anonymous> (\u001b[22m\u001b[2m\u001b[0m\u001b[36mintegration-tests/http/tienda-orders.spec.ts\u001b[39m\u001b[0m\u001b[2m:28:33)\u001b[22m\u001b[2m\u001b[22m\n\n\u001b[1m\u001b[31m  \u001b[1m● \u001b[22m\u001b[1m › POST /store/orders - Flujo Completo de Orden › Orden rechazada cuando inventario es insuficiente\u001b[39m\u001b[22m\n\n    TypeError: Cannot read properties of null (reading 'resolve')\n\u001b[2m\u001b[22m\n\u001b[2m      \u001b[2mat waitWorkflowExecutions (\u001b[22m\u001b[2mnode_modules/@medusajs/test-utils/src/medusa-test-runner-utils/wait-workflow-executions.ts\u001b[2m:11:25)\u001b[22m\u001b[2m\u001b[22m\n\u001b[2m      \u001b[2mat MedusaTestRunner.afterEach (\u001b[22m\u001b[2mnode_modules/@medusajs/test-utils/src/medusa-test-runner.ts\u001b[2m:302:35)\u001b[22m\u001b[2m\u001b[22m\n\u001b[2m      \u001b[2mat Object.<anonymous> (\u001b[22m\u001b[2mnode_modules/@medusajs/test-utils/src/medusa-test-runner.ts\u001b[2m:385:20)\u001b[22m\u001b[2m\u001b[22m\n\n\u001b[1m\u001b[31m  \u001b[1m● \u001b[22m\u001b[1m › POST /store/orders - Flujo Completo de Orden › Orden rechazada cuando la zona de envío excede 10 km\u001b[39m\u001b[22m\n\n    TypeError: A dynamic import callback was invoked without --experimental-vm-modules\n\u001b[2m\u001b[22m\n\u001b[2m      \u001b[2mat configLoaderOverride (\u001b[22m\u001b[2mnode_modules/@medusajs/test-utils/src/medusa-test-runner-utils/config.ts\u001b[2m:11:29)\u001b[22m\u001b[2m\u001b[22m\n\u001b[2m      \u001b[2mat MedusaTestRunner.beforeAll (\u001b[22m\u001b[2mnode_modules/@medusajs/test-utils/src/medusa-test-runner.ts\u001b[2m:263:33)\u001b[22m\u001b[2m\u001b[22m\n\u001b[2m      \u001b[2mat Object.<anonymous> (\u001b[22m\u001b[2mnode_modules/@medusajs/test-utils/src/medusa-test-runner.ts\u001b[2m:376:20)\u001b[22m\u001b[2m\u001b[22m\n\n\u001b[1m\u001b[31m  \u001b[1m● \u001b[22m\u001b[1m › POST /store/orders - Flujo Completo de Orden › Orden rechazada cuando la zona de envío excede 10 km\u001b[39m\u001b[22m\n\n    TypeError: Cannot read properties of null (reading 'resolve')\n\u001b[2m\u001b[22m\n\u001b[2m    \u001b[0m \u001b[90m 17 |\u001b[39m \u001b[36mexport\u001b[39m \u001b[36mdefault\u001b[39m \u001b[36masync\u001b[39m \u001b[36mfunction\u001b[39m seedTiendaDemoData(args\u001b[33m:\u001b[39m any) {\u001b[22m\n\u001b[2m     \u001b[90m 18 |\u001b[39m   \u001b[36mconst\u001b[39m { container } \u001b[33m=\u001b[39m args \u001b[33m||\u001b[39m {}\u001b[33m;\u001b[39m\u001b[22m\n\u001b[2m    \u001b[31m\u001b[1m>\u001b[22m\u001b[2m\u001b[39m\u001b[90m 19 |\u001b[39m   \u001b[36mconst\u001b[39m logger \u001b[33m=\u001b[39m container\u001b[33m.\u001b[39mresolve(\u001b[33mContainerRegistrationKeys\u001b[39m\u001b[33m.\u001b[39m\u001b[33mLOGGER\u001b[39m)\u001b[22m\n\u001b[2m     \u001b[90m    |\u001b[39m                            \u001b[31m\u001b[1m^\u001b[22m\u001b[2m\u001b[39m\u001b[22m\n\u001b[2m     \u001b[90m 20 |\u001b[39m\u001b[22m\n\u001b[2m     \u001b[90m 21 |\u001b[39m   \u001b[90m// Resolver servicios de los módulos\u001b[39m\u001b[22m\n\u001b[2m     \u001b[90m 22 |\u001b[39m   \u001b[36mconst\u001b[39m inventoryModule \u001b[33m=\u001b[39m container\u001b[33m.\u001b[39mresolve(\u001b[33mTIENDA_INVENTORY_MODULE\u001b[39m)\u001b[0m\u001b[22m\n\u001b[2m\u001b[22m\n\u001b[2m      \u001b[2mat resolve (\u001b[22m\u001b[2msrc/scripts/tienda-seed.ts\u001b[2m:19:28)\u001b[22m\u001b[2m\u001b[22m\n\u001b[2m      \u001b[2mat Object.<anonymous> (\u001b[22m\u001b[2m\u001b[0m\u001b[36mintegration-tests/http/tienda-orders.spec.ts\u001b[39m\u001b[0m\u001b[2m:28:33)\u001b[22m\u001b[2m\u001b[22m\n\n\u001b[1m\u001b[31m  \u001b[1m● \u001b[22m\u001b[1m › POST /store/orders - Flujo Completo de Orden › Orden rechazada cuando la zona de envío excede 10 km\u001b[39m\u001b[22m\n\n    TypeError: Cannot read properties of null (reading 'resolve')\n\u001b[2m\u001b[22m\n\u001b[2m      \u001b[2mat waitWorkflowExecutions (\u001b[22m\u001b[2mnode_modules/@medusajs/test-utils/src/medusa-test-runner-utils/wait-workflow-executions.ts\u001b[2m:11:25)\u001b[22m\u001b[2m\u001b[22m\n\u001b[2m      \u001b[2mat MedusaTestRunner.afterEach (\u001b[22m\u001b[2mnode_modules/@medusajs/test-utils/src/medusa-test-runner.ts\u001b[2m:302:35)\u001b[22m\u001b[2m\u001b[22m\n\u001b[2m      \u001b[2mat Object.<anonymous> (\u001b[22m\u001b[2mnode_modules/@medusajs/test-utils/src/medusa-test-runner.ts\u001b[2m:385:20)\u001b[22m\u001b[2m\u001b[22m\n\n\u001b[1m\u001b[31m  \u001b[1m● \u001b[22m\u001b[1m › POST /store/orders - Flujo Completo de Orden › Orden rechazada cuando no se proporcionan items\u001b[39m\u001b[22m\n\n    TypeError: A dynamic import callback was invoked without --experimental-vm-modules\n\u001b[2m\u001b[22m\n\u001b[2m      \u001b[2mat configLoaderOverride (\u001b[22m\u001b[2mnode_modules/@medusajs/test-utils/src/medusa-test-runner-utils/config.ts\u001b[2m:11:29)\u001b[22m\u001b[2m\u001b[22m\n\u001b[2m      \u001b[2mat MedusaTestRunner.beforeAll (\u001b[22m\u001b[2mnode_modules/@medusajs/test-utils/src/medusa-test-runner.ts\u001b[2m:263:33)\u001b[22m\u001b[2m\u001b[22m\n\u001b[2m      \u001b[2mat Object.<anonymous> (\u001b[22m\u001b[2mnode_modules/@medusajs/test-utils/src/medusa-test-runner.ts\u001b[2m:376:20)\u001b[22m\u001b[2m\u001b[22m\n\n\u001b[1m\u001b[31m  \u001b[1m● \u001b[22m\u001b[1m › POST /store/orders - Flujo Completo de Orden › Orden rechazada cuando no se proporcionan items\u001b[39m\u001b[22m\n\n    TypeError: Cannot read properties of null (reading 'resolve')\n\u001b[2m\u001b[22m\n\u001b[2m    \u001b[0m \u001b[90m 17 |\u001b[39m \u001b[36mexport\u001b[39m \u001b[36mdefault\u001b[39m \u001b[36masync\u001b[39m \u001b[36mfunction\u001b[39m seedTiendaDemoData(args\u001b[33m:\u001b[39m any) {\u001b[22m\n\u001b[2m     \u001b[90m 18 |\u001b[39m   \u001b[36mconst\u001b[39m { container } \u001b[33m=\u001b[39m args \u001b[33m||\u001b[39m {}\u001b[33m;\u001b[39m\u001b[22m\n\u001b[2m    \u001b[31m\u001b[1m>\u001b[22m\u001b[2m\u001b[39m\u001b[90m 19 |\u001b[39m   \u001b[36mconst\u001b[39m logger \u001b[33m=\u001b[39m container\u001b[33m.\u001b[39mresolve(\u001b[33mContainerRegistrationKeys\u001b[39m\u001b[33m.\u001b[39m\u001b[33mLOGGER\u001b[39m)\u001b[22m\n\u001b[2m     \u001b[90m    |\u001b[39m                            \u001b[31m\u001b[1m^\u001b[22m\u001b[2m\u001b[39m\u001b[22m\n\u001b[2m     \u001b[90m 20 |\u001b[39m\u001b[22m\n\u001b[2m     \u001b[90m 21 |\u001b[39m   \u001b[90m// Resolver servicios de los módulos\u001b[39m\u001b[22m\n\u001b[2m     \u001b[90m 22 |\u001b[39m   \u001b[36mconst\u001b[39m inventoryModule \u001b[33m=\u001b[39m container\u001b[33m.\u001b[39mresolve(\u001b[33mTIENDA_INVENTORY_MODULE\u001b[39m)\u001b[0m\u001b[22m\n\u001b[2m\u001b[22m\n\u001b[2m      \u001b[2mat resolve (\u001b[22m\u001b[2msrc/scripts/tienda-seed.ts\u001b[2m:19:28)\u001b[22m\u001b[2m\u001b[22m\n\u001b[2m      \u001b[2mat Object.<anonymous> (\u001b[22m\u001b[2m\u001b[0m\u001b[36mintegration-tests/http/tienda-orders.spec.ts\u001b[39m\u001b[0m\u001b[2m:28:33)\u001b[22m\u001b[2m\u001b[22m\n\n\u001b[1m\u001b[31m  \u001b[1m● \u001b[22m\u001b[1m › POST /store/orders - Flujo Completo de Orden › Orden rechazada cuando no se proporcionan items\u001b[39m\u001b[22m\n\n    TypeError: Cannot read properties of null (reading 'resolve')\n\u001b[2m\u001b[22m\n\u001b[2m      \u001b[2mat waitWorkflowExecutions (\u001b[22m\u001b[2mnode_modules/@medusajs/test-utils/src/medusa-test-runner-utils/wait-workflow-executions.ts\u001b[2m:11:25)\u001b[22m\u001b[2m\u001b[22m\n\u001b[2m      \u001b[2mat MedusaTestRunner.afterEach (\u001b[22m\u001b[2mnode_modules/@medusajs/test-utils/src/medusa-test-runner.ts\u001b[2m:302:35)\u001b[22m\u001b[2m\u001b[22m\n\u001b[2m      \u001b[2mat Object.<anonymous> (\u001b[22m\u001b[2mnode_modules/@medusajs/test-utils/src/medusa-test-runner.ts\u001b[2m:385:20)\u001b[22m\u001b[2m\u001b[22m\n\n\u001b[1m\u001b[31m  \u001b[1m● \u001b[22m\u001b[1m › POST /store/inventory/validate - Validación de Inventario API › Valida inventario exitosamente via API\u001b[39m\u001b[22m\n\n    TypeError: A dynamic import callback was invoked without --experimental-vm-modules\n\u001b[2m\u001b[22m\n\u001b[2m      \u001b[2mat configLoaderOverride (\u001b[22m\u001b[2mnode_modules/@medusajs/test-utils/src/medusa-test-runner-utils/config.ts\u001b[2m:11:29)\u001b[22m\u001b[2m\u001b[22m\n\u001b[2m      \u001b[2mat MedusaTestRunner.beforeAll (\u001b[22m\u001b[2mnode_modules/@medusajs/test-utils/src/medusa-test-runner.ts\u001b[2m:263:33)\u001b[22m\u001b[2m\u001b[22m\n\u001b[2m      \u001b[2mat Object.<anonymous> (\u001b[22m\u001b[2mnode_modules/@medusajs/test-utils/src/medusa-test-runner.ts\u001b[2m:376:20)\u001b[22m\u001b[2m\u001b[22m\n\n\u001b[1m\u001b[31m  \u001b[1m● \u001b[22m\u001b[1m › POST /store/inventory/validate - Validación de Inventario API › Valida inventario exitosamente via API\u001b[39m\u001b[22m\n\n    TypeError: Cannot read properties of null (reading 'resolve')\n\u001b[2m\u001b[22m\n\u001b[2m      \u001b[2mat waitWorkflowExecutions (\u001b[22m\u001b[2mnode_modules/@medusajs/test-utils/src/medusa-test-runner-utils/wait-workflow-executions.ts\u001b[2m:11:25)\u001b[22m\u001b[2m\u001b[22m\n\u001b[2m      \u001b[2mat MedusaTestRunner.afterEach (\u001b[22m\u001b[2mnode_modules/@medusajs/test-utils/src/medusa-test-runner.ts\u001b[2m:302:35)\u001b[22m\u001b[2m\u001b[22m\n\u001b[2m      \u001b[2mat Object.<anonymous> (\u001b[22m\u001b[2mnode_modules/@medusajs/test-utils/src/medusa-test-runner.ts\u001b[2m:385:20)\u001b[22m\u001b[2m\u001b[22m\n\n\u001b[1m\u001b[31m  \u001b[1m● \u001b[22m\u001b[1m › POST /store/inventory/validate - Validación de Inventario API › Rechaza request sin items\u001b[39m\u001b[22m\n\n    TypeError: A dynamic import callback was invoked without --experimental-vm-modules\n\u001b[2m\u001b[22m\n\u001b[2m      \u001b[2mat configLoaderOverride (\u001b[22m\u001b[2mnode_modules/@medusajs/test-utils/src/medusa-test-runner-utils/config.ts\u001b[2m:11:29)\u001b[22m\u001b[2m\u001b[22m\n\u001b[2m      \u001b[2mat MedusaTestRunner.beforeAll (\u001b[22m\u001b[2mnode_modules/@medusajs/test-utils/src/medusa-test-runner.ts\u001b[2m:263:33)\u001b[22m\u001b[2m\u001b[22m\n\u001b[2m      \u001b[2mat Object.<anonymous> (\u001b[22m\u001b[2mnode_modules/@medusajs/test-utils/src/medusa-test-runner.ts\u001b[2m:376:20)\u001b[22m\u001b[2m\u001b[22m\n\n\u001b[1m\u001b[31m  \u001b[1m● \u001b[22m\u001b[1m › POST /store/inventory/validate - Validación de Inventario API › Rechaza request sin items\u001b[39m\u001b[22m\n\n    TypeError: Cannot read properties of null (reading 'resolve')\n\u001b[2m\u001b[22m\n\u001b[2m      \u001b[2mat waitWorkflowExecutions (\u001b[22m\u001b[2mnode_modules/@medusajs/test-utils/src/medusa-test-runner-utils/wait-workflow-executions.ts\u001b[2m:11:25)\u001b[22m\u001b[2m\u001b[22m\n\u001b[2m      \u001b[2mat MedusaTestRunner.afterEach (\u001b[22m\u001b[2mnode_modules/@medusajs/test-utils/src/medusa-test-runner.ts\u001b[2m:302:35)\u001b[22m\u001b[2m\u001b[22m\n\u001b[2m      \u001b[2mat Object.<anonymous> (\u001b[22m\u001b[2mnode_modules/@medusajs/test-utils/src/medusa-test-runner.ts\u001b[2m:385:20)\u001b[22m\u001b[2m\u001b[22m\n\n\u001b[1m\u001b[31m  \u001b[1m● \u001b[22m\u001b[1m › POST /store/discounts/calculate - Cálculo de Descuento API › Calcula descuento automático via API\u001b[39m\u001b[22m\n\n    TypeError: A dynamic import callback was invoked without --experimental-vm-modules\n\u001b[2m\u001b[22m\n\u001b[2m      \u001b[2mat configLoaderOverride (\u001b[22m\u001b[2mnode_modules/@medusajs/test-utils/src/medusa-test-runner-utils/config.ts\u001b[2m:11:29)\u001b[22m\u001b[2m\u001b[22m\n\u001b[2m      \u001b[2mat MedusaTestRunner.beforeAll (\u001b[22m\u001b[2mnode_modules/@medusajs/test-utils/src/medusa-test-runner.ts\u001b[2m:263:33)\u001b[22m\u001b[2m\u001b[22m\n\u001b[2m      \u001b[2mat Object.<anonymous> (\u001b[22m\u001b[2mnode_modules/@medusajs/test-utils/src/medusa-test-runner.ts\u001b[2m:376:20)\u001b[22m\u001b[2m\u001b[22m\n\n\u001b[1m\u001b[31m  \u001b[1m● \u001b[22m\u001b[1m › POST /store/discounts/calculate - Cálculo de Descuento API › Calcula descuento automático via API\u001b[39m\u001b[22m\n\n    TypeError: Cannot read properties of null (reading 'resolve')\n\u001b[2m\u001b[22m\n\u001b[2m      \u001b[2mat waitWorkflowExecutions (\u001b[22m\u001b[2mnode_modules/@medusajs/test-utils/src/medusa-test-runner-utils/wait-workflow-executions.ts\u001b[2m:11:25)\u001b[22m\u001b[2m\u001b[22m\n\u001b[2m      \u001b[2mat MedusaTestRunner.afterEach (\u001b[22m\u001b[2mnode_modules/@medusajs/test-utils/src/medusa-test-runner.ts\u001b[2m:302:35)\u001b[22m\u001b[2m\u001b[22m\n\u001b[2m      \u001b[2mat Object.<anonymous> (\u001b[22m\u001b[2mnode_modules/@medusajs/test-utils/src/medusa-test-runner.ts\u001b[2m:385:20)\u001b[22m\u001b[2m\u001b[22m\n\n\u001b[1m\u001b[31m  \u001b[1m● \u001b[22m\u001b[1m › POST /store/discounts/calculate - Cálculo de Descuento API › Rechaza subtotal negativo\u001b[39m\u001b[22m\n\n    TypeError: A dynamic import callback was invoked without --experimental-vm-modules\n\u001b[2m\u001b[22m\n\u001b[2m      \u001b[2mat configLoaderOverride (\u001b[22m\u001b[2mnode_modules/@medusajs/test-utils/src/medusa-test-runner-utils/config.ts\u001b[2m:11:29)\u001b[22m\u001b[2m\u001b[22m\n\u001b[2m      \u001b[2mat MedusaTestRunner.beforeAll (\u001b[22m\u001b[2mnode_modules/@medusajs/test-utils/src/medusa-test-runner.ts\u001b[2m:263:33)\u001b[22m\u001b[2m\u001b[22m\n\u001b[2m      \u001b[2mat Object.<anonymous> (\u001b[22m\u001b[2mnode_modules/@medusajs/test-utils/src/medusa-test-runner.ts\u001b[2m:376:20)\u001b[22m\u001b[2m\u001b[22m\n\n\u001b[1m\u001b[31m  \u001b[1m● \u001b[22m\u001b[1m › POST /store/discounts/calculate - Cálculo de Descuento API › Rechaza subtotal negativo\u001b[39m\u001b[22m\n\n    TypeError: Cannot read properties of null (reading 'resolve')\n\u001b[2m\u001b[22m\n\u001b[2m      \u001b[2mat waitWorkflowExecutions (\u001b[22m\u001b[2mnode_modules/@medusajs/test-utils/src/medusa-test-runner-utils/wait-workflow-executions.ts\u001b[2m:11:25)\u001b[22m\u001b[2m\u001b[22m\n\u001b[2m      \u001b[2mat MedusaTestRunner.afterEach (\u001b[22m\u001b[2mnode_modules/@medusajs/test-utils/src/medusa-test-runner.ts\u001b[2m:302:35)\u001b[22m\u001b[2m\u001b[22m\n\u001b[2m      \u001b[2mat Object.<anonymous> (\u001b[22m\u001b[2mnode_modules/@medusajs/test-utils/src/medusa-test-runner.ts\u001b[2m:385:20)\u001b[22m\u001b[2m\u001b[22m\n\n\u001b[1m\u001b[31m  \u001b[1m● \u001b[22m\u001b[1m › POST /store/discounts/validate - Validación de Código Promo API › Rechaza request sin código\u001b[39m\u001b[22m\n\n    TypeError: A dynamic import callback was invoked without --experimental-vm-modules\n\u001b[2m\u001b[22m\n\u001b[2m      \u001b[2mat configLoaderOverride (\u001b[22m\u001b[2mnode_modules/@medusajs/test-utils/src/medusa-test-runner-utils/config.ts\u001b[2m:11:29)\u001b[22m\u001b[2m\u001b[22m\n\u001b[2m      \u001b[2mat MedusaTestRunner.beforeAll (\u001b[22m\u001b[2mnode_modules/@medusajs/test-utils/src/medusa-test-runner.ts\u001b[2m:263:33)\u001b[22m\u001b[2m\u001b[22m\n\u001b[2m      \u001b[2mat Object.<anonymous> (\u001b[22m\u001b[2mnode_modules/@medusajs/test-utils/src/medusa-test-runner.ts\u001b[2m:376:20)\u001b[22m\u001b[2m\u001b[22m\n\n\u001b[1m\u001b[31m  \u001b[1m● \u001b[22m\u001b[1m › POST /store/discounts/validate - Validación de Código Promo API › Rechaza request sin código\u001b[39m\u001b[22m\n\n    TypeError: Cannot read properties of null (reading 'resolve')\n\u001b[2m\u001b[22m\n\u001b[2m      \u001b[2mat waitWorkflowExecutions (\u001b[22m\u001b[2mnode_modules/@medusajs/test-utils/src/medusa-test-runner-utils/wait-workflow-executions.ts\u001b[2m:11:25)\u001b[22m\u001b[2m\u001b[22m\n\u001b[2m      \u001b[2mat MedusaTestRunner.afterEach (\u001b[22m\u001b[2mnode_modules/@medusajs/test-utils/src/medusa-test-runner.ts\u001b[2m:302:35)\u001b[22m\u001b[2m\u001b[22m\n\u001b[2m      \u001b[2mat Object.<anonymous> (\u001b[22m\u001b[2mnode_modules/@medusajs/test-utils/src/medusa-test-runner.ts\u001b[2m:385:20)\u001b[22m\u001b[2m\u001b[22m\n\n\u001b[1m\u001b[31m  \u001b[1m● \u001b[22m\u001b[1m › POST /store/shipping/calculate - Cálculo de Envío API › Calcula envío por coordenadas\u001b[39m\u001b[22m\n\n    TypeError: A dynamic import callback was invoked without --experimental-vm-modules\n\u001b[2m\u001b[22m\n\u001b[2m      \u001b[2mat configLoaderOverride (\u001b[22m\u001b[2mnode_modules/@medusajs/test-utils/src/medusa-test-runner-utils/config.ts\u001b[2m:11:29)\u001b[22m\u001b[2m\u001b[22m\n\u001b[2m      \u001b[2mat MedusaTestRunner.beforeAll (\u001b[22m\u001b[2mnode_modules/@medusajs/test-utils/src/medusa-test-runner.ts\u001b[2m:263:33)\u001b[22m\u001b[2m\u001b[22m\n\u001b[2m      \u001b[2mat Object.<anonymous> (\u001b[22m\u001b[2mnode_modules/@medusajs/test-utils/src/medusa-test-runner.ts\u001b[2m:376:20)\u001b[22m\u001b[2m\u001b[22m\n\n\u001b[1m\u001b[31m  \u001b[1m● \u001b[22m\u001b[1m › POST /store/shipping/calculate - Cálculo de Envío API › Calcula envío por coordenadas\u001b[39m\u001b[22m\n\n    TypeError: Cannot read properties of null (reading 'resolve')\n\u001b[2m\u001b[22m\n\u001b[2m      \u001b[2mat waitWorkflowExecutions (\u001b[22m\u001b[2mnode_modules/@medusajs/test-utils/src/medusa-test-runner-utils/wait-workflow-executions.ts\u001b[2m:11:25)\u001b[22m\u001b[2m\u001b[22m\n\u001b[2m      \u001b[2mat MedusaTestRunner.afterEach (\u001b[22m\u001b[2mnode_modules/@medusajs/test-utils/src/medusa-test-runner.ts\u001b[2m:302:35)\u001b[22m\u001b[2m\u001b[22m\n\u001b[2m      \u001b[2mat Object.<anonymous> (\u001b[22m\u001b[2mnode_modules/@medusajs/test-utils/src/medusa-test-runner.ts\u001b[2m:385:20)\u001b[22m\u001b[2m\u001b[22m\n","name":"C:\\Users\\onlyg\\Desktop\\tiendademo\\medusa-app\\tiendademo-medusa\\integration-tests\\http\\tienda-orders.spec.ts","startTime":1780269987461,"status":"failed","summary":""},{"assertionResults":[{"ancestorTitles":["","Ping"],"duration":2,"failureDetails":[{"code":"ERR_VM_DYNAMIC_IMPORT_CALLBACK_MISSING_FLAG"},{}],"failureMessages":["TypeError: A dynamic import callback was invoked without --experimental-vm-modules\n    at importModuleDynamicallyCallback (node:internal/modules/esm/utils:271:11)\n    at configLoaderOverride (C:\\Users\\onlyg\\Desktop\\tiendademo\\medusa-app\\tiendademo-medusa\\node_modules\\@medusajs\\test-utils\\src\\medusa-test-runner-utils\\config.ts:11:29)\n    at MedusaTestRunner.beforeAll (C:\\Users\\onlyg\\Desktop\\tiendademo\\medusa-app\\tiendademo-medusa\\node_modules\\@medusajs\\test-utils\\src\\medusa-test-runner.ts:263:33)\n    at Object.<anonymous> (C:\\Users\\onlyg\\Desktop\\tiendademo\\medusa-app\\tiendademo-medusa\\node_modules\\@medusajs\\test-utils\\src\\medusa-test-runner.ts:376:20)\n    at Promise.then.completed (C:\\Users\\onlyg\\Desktop\\tiendademo\\medusa-app\\tiendademo-medusa\\node_modules\\jest-circus\\build\\utils.js:298:28)\n    at new Promise (<anonymous>)\n    at callAsyncCircusFn (C:\\Users\\onlyg\\Desktop\\tiendademo\\medusa-app\\tiendademo-medusa\\node_modules\\jest-circus\\build\\utils.js:231:10)\n    at _callCircusHook (C:\\Users\\onlyg\\Desktop\\tiendademo\\medusa-app\\tiendademo-medusa\\node_modules\\jest-circus\\build\\run.js:281:40)\n    at _runTestsForDescribeBlock (C:\\Users\\onlyg\\Desktop\\tiendademo\\medusa-app\\tiendademo-medusa\\node_modules\\jest-circus\\build\\run.js:95:7)\n    at _runTestsForDescribeBlock (C:\\Users\\onlyg\\Desktop\\tiendademo\\medusa-app\\tiendademo-medusa\\node_modules\\jest-circus\\build\\run.js:121:9)\n    at run (C:\\Users\\onlyg\\Desktop\\tiendademo\\medusa-app\\tiendademo-medusa\\node_modules\\jest-circus\\build\\run.js:71:3)\n    at runAndTransformResultsToJestFormat (C:\\Users\\onlyg\\Desktop\\tiendademo\\medusa-app\\tiendademo-medusa\\node_modules\\jest-circus\\build\\legacy-code-todo-rewrite\\jestAdapterInit.js:122:21)\n    at jestAdapter (C:\\Users\\onlyg\\Desktop\\tiendademo\\medusa-app\\tiendademo-medusa\\node_modules\\jest-circus\\build\\legacy-code-todo-rewrite\\jestAdapter.js:79:19)\n    at runTestInternal (C:\\Users\\onlyg\\Desktop\\tiendademo\\medusa-app\\tiendademo-medusa\\node_modules\\jest-runner\\build\\runTest.js:367:16)\n    at runTest (C:\\Users\\onlyg\\Desktop\\tiendademo\\medusa-app\\tiendademo-medusa\\node_modules\\jest-runner\\build\\runTest.js:444:34)","TypeError: Cannot read properties of null (reading 'resolve')\n    at waitWorkflowExecutions (C:\\Users\\onlyg\\Desktop\\tiendademo\\medusa-app\\tiendademo-medusa\\node_modules\\@medusajs\\test-utils\\src\\medusa-test-runner-utils\\wait-workflow-executions.ts:11:25)\n    at MedusaTestRunner.afterEach (C:\\Users\\onlyg\\Desktop\\tiendademo\\medusa-app\\tiendademo-medusa\\node_modules\\@medusajs\\test-utils\\src\\medusa-test-runner.ts:302:35)\n    at Object.<anonymous> (C:\\Users\\onlyg\\Desktop\\tiendademo\\medusa-app\\tiendademo-medusa\\node_modules\\@medusajs\\test-utils\\src\\medusa-test-runner.ts:385:20)\n    at Promise.then.completed (C:\\Users\\onlyg\\Desktop\\tiendademo\\medusa-app\\tiendademo-medusa\\node_modules\\jest-circus\\build\\utils.js:298:28)\n    at new Promise (<anonymous>)\n    at callAsyncCircusFn (C:\\Users\\onlyg\\Desktop\\tiendademo\\medusa-app\\tiendademo-medusa\\node_modules\\jest-circus\\build\\utils.js:231:10)\n    at _callCircusHook (C:\\Users\\onlyg\\Desktop\\tiendademo\\medusa-app\\tiendademo-medusa\\node_modules\\jest-circus\\build\\run.js:281:40)\n    at processTicksAndRejections (node:internal/process/task_queues:105:5)\n    at _runTest (C:\\Users\\onlyg\\Desktop\\tiendademo\\medusa-app\\tiendademo-medusa\\node_modules\\jest-circus\\build\\run.js:254:5)\n    at _runTestsForDescribeBlock (C:\\Users\\onlyg\\Desktop\\tiendademo\\medusa-app\\tiendademo-medusa\\node_modules\\jest-circus\\build\\run.js:126:9)\n    at _runTestsForDescribeBlock (C:\\Users\\onlyg\\Desktop\\tiendademo\\medusa-app\\tiendademo-medusa\\node_modules\\jest-circus\\build\\run.js:121:9)\n    at _runTestsForDescribeBlock (C:\\Users\\onlyg\\Desktop\\tiendademo\\medusa-app\\tiendademo-medusa\\node_modules\\jest-circus\\build\\run.js:121:9)\n    at run (C:\\Users\\onlyg\\Desktop\\tiendademo\\medusa-app\\tiendademo-medusa\\node_modules\\jest-circus\\build\\run.js:71:3)\n    at runAndTransformResultsToJestFormat (C:\\Users\\onlyg\\Desktop\\tiendademo\\medusa-app\\tiendademo-medusa\\node_modules\\jest-circus\\build\\legacy-code-todo-rewrite\\jestAdapterInit.js:122:21)\n    at jestAdapter (C:\\Users\\onlyg\\Desktop\\tiendademo\\medusa-app\\tiendademo-medusa\\node_modules\\jest-circus\\build\\legacy-code-todo-rewrite\\jestAdapter.js:79:19)\n    at runTestInternal (C:\\Users\\onlyg\\Desktop\\tiendademo\\medusa-app\\tiendademo-medusa\\node_modules\\jest-runner\\build\\runTest.js:367:16)\n    at runTest (C:\\Users\\onlyg\\Desktop\\tiendademo\\medusa-app\\tiendademo-medusa\\node_modules\\jest-runner\\build\\runTest.js:444:34)"],"fullName":" Ping ping the server health endpoint","invocations":1,"location":null,"numPassingAsserts":0,"retryReasons":[],"status":"failed","title":"ping the server health endpoint"}],"endTime":1780270004156,"message":"\u001b[1m\u001b[31m  \u001b[1m● \u001b[22m\u001b[1m › Ping › ping the server health endpoint\u001b[39m\u001b[22m\n\n    TypeError: A dynamic import callback was invoked without --experimental-vm-modules\n\u001b[2m\u001b[22m\n\u001b[2m      \u001b[2mat configLoaderOverride (\u001b[22m\u001b[2mnode_modules/@medusajs/test-utils/src/medusa-test-runner-utils/config.ts\u001b[2m:11:29)\u001b[22m\u001b[2m\u001b[22m\n\u001b[2m      \u001b[2mat MedusaTestRunner.beforeAll (\u001b[22m\u001b[2mnode_modules/@medusajs/test-utils/src/medusa-test-runner.ts\u001b[2m:263:33)\u001b[22m\u001b[2m\u001b[22m\n\u001b[2m      \u001b[2mat Object.<anonymous> (\u001b[22m\u001b[2mnode_modules/@medusajs/test-utils/src/medusa-test-runner.ts\u001b[2m:376:20)\u001b[22m\u001b[2m\u001b[22m\n\n\u001b[1m\u001b[31m  \u001b[1m● \u001b[22m\u001b[1m › Ping › ping the server health endpoint\u001b[39m\u001b[22m\n\n    TypeError: Cannot read properties of null (reading 'resolve')\n\u001b[2m\u001b[22m\n\u001b[2m      \u001b[2mat waitWorkflowExecutions (\u001b[22m\u001b[2mnode_modules/@medusajs/test-utils/src/medusa-test-runner-utils/wait-workflow-executions.ts\u001b[2m:11:25)\u001b[22m\u001b[2m\u001b[22m\n\u001b[2m      \u001b[2mat MedusaTestRunner.afterEach (\u001b[22m\u001b[2mnode_modules/@medusajs/test-utils/src/medusa-test-runner.ts\u001b[2m:302:35)\u001b[22m\u001b[2m\u001b[22m\n\u001b[2m      \u001b[2mat Object.<anonymous> (\u001b[22m\u001b[2mnode_modules/@medusajs/test-utils/src/medusa-test-runner.ts\u001b[2m:385:20)\u001b[22m\u001b[2m\u001b[22m\n","name":"C:\\Users\\onlyg\\Desktop\\tiendademo\\medusa-app\\tiendademo-medusa\\integration-tests\\http\\health.spec.ts","startTime":1780269999743,"status":"failed","summary":""}],"wasInterrupted":false}
